#
# There is insufficient memory for the Java Runtime Environment to continue.
# Native memory allocation (malloc) failed to allocate 372816 bytes. Error detail: Chunk::new
# Possible reasons:
#   The system is out of physical RAM or swap space
#   This process is running with CompressedOops enabled, and the Java Heap may be blocking the growth of the native heap
# Possible solutions:
#   Reduce memory load on the system
#   Increase physical memory or swap space
#   Check if swap backing store is full
#   Decrease Java heap size (-Xmx/-Xms)
#   Decrease number of Java threads
#   Decrease Java thread stack sizes (-Xss)
#   Set larger code cache with -XX:ReservedCodeCacheSize=
#   JVM is running with Unscaled Compressed Oops mode in which the Java heap is
#     placed in the first 4GB address space. The Java Heap base address is the
#     maximum limit for the native heap growth. Please use -XX:HeapBaseMinAddress
#     to set the Java Heap base and to place the Java Heap above 4GB virtual address.
# This output file may be truncated or incomplete.
#
#  Out of Memory Error (arena.cpp:150), pid=15520, tid=17576
#
# JRE version: Java(TM) SE Runtime Environment (22.0.1+8) (build 22.0.1+8-16)
# Java VM: Java HotSpot(TM) 64-Bit Server VM (22.0.1+8-16, mixed mode, sharing, tiered, compressed oops, compressed class ptrs, g1 gc, windows-amd64)
# No core dump will be written. Minidumps are not enabled by default on client versions of Windows
#

---------------  S U M M A R Y ------------

Command Line: c:\Users\walid\.vscode\extensions\salesforce.salesforce-vscode-slds-2.0.12\lsp-2.0.12-executable.jar --PORT=56601

Host: Intel(R) Core(TM) i5-6300U CPU @ 2.40GHz, 4 cores, 7G,  Windows 10 , 64 bit Build 19041 (10.0.19041.5915)
Time: Wed Jul 23 16:05:48 2025 Maroc (heure d64 bit Build 19041 (10.0.19041.5915) elapsed time: 8.746609 seconds (0d 0h 0m 8s)

---------------  T H R E A D  ---------------

Current thread (0x000002837f259440):  JavaThread "C2 CompilerThread0" daemon [_thread_in_native, id=17576, stack(0x000000b6cb500000,0x000000b6cb600000) (1024K)]


Current CompileTask:
C2:8746 1370       4       org.springframework.boot.loader.net.protocol.jar.JarUrlConnection::open (155 bytes)

Stack: [0x000000b6cb500000,0x000000b6cb600000]
Native frames: (J=compiled Java code, j=interpreted, Vv=VM code, C=native code)
V  [jvm.dll+0x6e2279]  (no source info available)
V  [jvm.dll+0x874e33]  (no source info available)
V  [jvm.dll+0x87725e]  (no source info available)
V  [jvm.dll+0x877933]  (no source info available)
V  [jvm.dll+0x27fd76]  (no source info available)
V  [jvm.dll+0xc3d0f]  (no source info available)
V  [jvm.dll+0xc3f6b]  (no source info available)
V  [jvm.dll+0x2f3c2f]  (no source info available)
V  [jvm.dll+0x60bc9a]  (no source info available)
V  [jvm.dll+0x249a35]  (no source info available)
V  [jvm.dll+0x246ec6]  (no source info available)
V  [jvm.dll+0x1c4e90]  (no source info available)
V  [jvm.dll+0x2569fe]  (no source info available)
V  [jvm.dll+0x254cba]  (no source info available)
V  [jvm.dll+0x3f5336]  (no source info available)
V  [jvm.dll+0x81d44b]  (no source info available)
V  [jvm.dll+0x6e0915]  (no source info available)
C  [ucrtbase.dll+0x21bb2]  (no source info available)
C  [KERNEL32.DLL+0x17374]  (no source info available)
C  [ntdll.dll+0x4cc91]  (no source info available)


---------------  P R O C E S S  ---------------

Threads class SMR info:
_java_thread_list=0x0000028349302870, length=12, elements={
0x00000283651f0500, 0x000002837f2512b0, 0x000002837f253d20, 0x000002837f254780,
0x000002837f2551e0, 0x000002837f255c40, 0x000002837f2586b0, 0x000002837f259440,
0x0000028349008070, 0x000002834906f1d0, 0x0000028349079750, 0x000002834919f230
}

Java Threads: ( => current thread )
  0x00000283651f0500 JavaThread "main"                              [_thread_in_native, id=16136, stack(0x000000b6ca700000,0x000000b6ca800000) (1024K)]
  0x000002837f2512b0 JavaThread "Reference Handler"          daemon [_thread_blocked, id=2880, stack(0x000000b6caf00000,0x000000b6cb000000) (1024K)]
  0x000002837f253d20 JavaThread "Finalizer"                  daemon [_thread_blocked, id=15060, stack(0x000000b6cb000000,0x000000b6cb100000) (1024K)]
  0x000002837f254780 JavaThread "Signal Dispatcher"          daemon [_thread_blocked, id=15112, stack(0x000000b6cb100000,0x000000b6cb200000) (1024K)]
  0x000002837f2551e0 JavaThread "Attach Listener"            daemon [_thread_blocked, id=16752, stack(0x000000b6cb200000,0x000000b6cb300000) (1024K)]
  0x000002837f255c40 JavaThread "Service Thread"             daemon [_thread_blocked, id=940, stack(0x000000b6cb300000,0x000000b6cb400000) (1024K)]
  0x000002837f2586b0 JavaThread "Monitor Deflation Thread"   daemon [_thread_blocked, id=18420, stack(0x000000b6cb400000,0x000000b6cb500000) (1024K)]
=>0x000002837f259440 JavaThread "C2 CompilerThread0"         daemon [_thread_in_native, id=17576, stack(0x000000b6cb500000,0x000000b6cb600000) (1024K)]
  0x0000028349008070 JavaThread "C1 CompilerThread0"         daemon [_thread_blocked, id=19184, stack(0x000000b6cb600000,0x000000b6cb700000) (1024K)]
  0x000002834906f1d0 JavaThread "Notification Thread"        daemon [_thread_blocked, id=6680, stack(0x000000b6cb700000,0x000000b6cb800000) (1024K)]
  0x0000028349079750 JavaThread "Common-Cleaner"             daemon [_thread_blocked, id=18360, stack(0x000000b6cb800000,0x000000b6cb900000) (1024K)]
  0x000002834919f230 JavaThread "Cleaner-0"                  daemon [_thread_blocked, id=20388, stack(0x000000b6cb900000,0x000000b6cba00000) (1024K)]
Total: 12

Other Threads:
  0x000002837f2391f0 VMThread "VM Thread"                           [id=12916, stack(0x000000b6cae00000,0x000000b6caf00000) (1024K)]
  0x000002837f21f110 WatcherThread "VM Periodic Task Thread"        [id=5576, stack(0x000000b6cad00000,0x000000b6cae00000) (1024K)]
  0x00000283653c2df0 WorkerThread "GC Thread#0"                     [id=3756, stack(0x000000b6ca800000,0x000000b6ca900000) (1024K)]
  0x00000283497b91b0 WorkerThread "GC Thread#1"                     [id=19556, stack(0x000000b6cba00000,0x000000b6cbb00000) (1024K)]
  0x0000028349427870 WorkerThread "GC Thread#2"                     [id=3412, stack(0x000000b6cbb00000,0x000000b6cbc00000) (1024K)]
  0x0000028349427c20 WorkerThread "GC Thread#3"                     [id=18988, stack(0x000000b6cbc00000,0x000000b6cbd00000) (1024K)]
  0x00000283653d3a40 ConcurrentGCThread "G1 Main Marker"            [id=14020, stack(0x000000b6ca900000,0x000000b6caa00000) (1024K)]
  0x00000283653d4610 WorkerThread "G1 Conc#0"                       [id=892, stack(0x000000b6caa00000,0x000000b6cab00000) (1024K)]
  0x0000028365439710 ConcurrentGCThread "G1 Refine#0"               [id=14416, stack(0x000000b6cab00000,0x000000b6cac00000) (1024K)]
  0x000002837f0f2720 ConcurrentGCThread "G1 Service"                [id=19004, stack(0x000000b6cac00000,0x000000b6cad00000) (1024K)]
Total: 10

Threads with active compile tasks:
C2 CompilerThread0  8918 1370       4       org.springframework.boot.loader.net.protocol.jar.JarUrlConnection::open (155 bytes)
Total: 1

VM state: not at safepoint (normal execution)

VM Mutex/Monitor currently owned by a thread: None

Heap address: 0x0000000089600000, size: 1898 MB, Compressed Oops mode: 32-bit

CDS archive(s) mapped at: [0x0000028304000000-0x0000028304c60000-0x0000028304c60000), size 12976128, SharedBaseAddress: 0x0000028304000000, ArchiveRelocationMode: 1.
Compressed class space mapped at: 0x0000028305000000-0x0000028345000000, reserved size: 1073741824
Narrow klass base: 0x0000028304000000, Narrow klass shift: 0, Narrow klass range: 0x41000000

GC Precious Log:
 CardTable entry size: 512
 Card Set container configuration: InlinePtr #cards 5 size 8 Array Of Cards #cards 12 size 40 Howl #buckets 4 coarsen threshold 1843 Howl Bitmap #cards 512 size 80 coarsen threshold 460 Card regions per heap region 1 cards per card region 2048
 CPUs: 4 total, 4 available
 Memory: 7591M
 Large Page Support: Disabled
 NUMA Support: Disabled
 Compressed Oops: Enabled (32-bit)
 Heap Region Size: 1M
 Heap Min Capacity: 8M
 Heap Initial Capacity: 120M
 Heap Max Capacity: 1898M
 Pre-touch: Disabled
 Parallel Workers: 4
 Concurrent Workers: 1
 Concurrent Refinement Workers: 4
 Periodic GC: Disabled

Heap:
 garbage-first heap   total reserved 1943552K, committed 122880K, used 4007K [0x0000000089600000, 0x0000000100000000)
  region size 1024K, 3 young (3072K), 1 survivors (1024K)
 Metaspace       used 5055K, committed 5376K, reserved 1114112K
  class space    used 577K, committed 704K, reserved 1048576K

Heap Regions: E=young(eden), S=young(survivor), O=old, HS=humongous(starts), HC=humongous(continues), CS=collection set, F=free, TAMS=top-at-mark-start, PB=parsable bottom
|   0|0x0000000089600000, 0x0000000089700000, 0x0000000089700000|100%| O|  |TAMS 0x0000000089600000| PB 0x0000000089600000| Untracked |  0
|   1|0x0000000089700000, 0x00000000897e9d00, 0x0000000089800000| 91%| O|  |TAMS 0x0000000089700000| PB 0x0000000089700000| Untracked |  0
|   2|0x0000000089800000, 0x0000000089800000, 0x0000000089900000|  0%| F|  |TAMS 0x0000000089800000| PB 0x0000000089800000| Untracked |  0
|   3|0x0000000089900000, 0x0000000089900000, 0x0000000089a00000|  0%| F|  |TAMS 0x0000000089900000| PB 0x0000000089900000| Untracked |  0
|   4|0x0000000089a00000, 0x0000000089a00000, 0x0000000089b00000|  0%| F|  |TAMS 0x0000000089a00000| PB 0x0000000089a00000| Untracked |  0
|   5|0x0000000089b00000, 0x0000000089b00000, 0x0000000089c00000|  0%| F|  |TAMS 0x0000000089b00000| PB 0x0000000089b00000| Untracked |  0
|   6|0x0000000089c00000, 0x0000000089c00000, 0x0000000089d00000|  0%| F|  |TAMS 0x0000000089c00000| PB 0x0000000089c00000| Untracked |  0
|   7|0x0000000089d00000, 0x0000000089d00000, 0x0000000089e00000|  0%| F|  |TAMS 0x0000000089d00000| PB 0x0000000089d00000| Untracked |  0
|   8|0x0000000089e00000, 0x0000000089e00000, 0x0000000089f00000|  0%| F|  |TAMS 0x0000000089e00000| PB 0x0000000089e00000| Untracked |  0
|   9|0x0000000089f00000, 0x0000000089f00000, 0x000000008a000000|  0%| F|  |TAMS 0x0000000089f00000| PB 0x0000000089f00000| Untracked |  0
|  10|0x000000008a000000, 0x000000008a000000, 0x000000008a100000|  0%| F|  |TAMS 0x000000008a000000| PB 0x000000008a000000| Untracked |  0
|  11|0x000000008a100000, 0x000000008a100000, 0x000000008a200000|  0%| F|  |TAMS 0x000000008a100000| PB 0x000000008a100000| Untracked |  0
|  12|0x000000008a200000, 0x000000008a200000, 0x000000008a300000|  0%| F|  |TAMS 0x000000008a200000| PB 0x000000008a200000| Untracked |  0
|  13|0x000000008a300000, 0x000000008a300000, 0x000000008a400000|  0%| F|  |TAMS 0x000000008a300000| PB 0x000000008a300000| Untracked |  0
|  14|0x000000008a400000, 0x000000008a400000, 0x000000008a500000|  0%| F|  |TAMS 0x000000008a400000| PB 0x000000008a400000| Untracked |  0
|  15|0x000000008a500000, 0x000000008a500000, 0x000000008a600000|  0%| F|  |TAMS 0x000000008a500000| PB 0x000000008a500000| Untracked |  0
|  16|0x000000008a600000, 0x000000008a600000, 0x000000008a700000|  0%| F|  |TAMS 0x000000008a600000| PB 0x000000008a600000| Untracked |  0
|  17|0x000000008a700000, 0x000000008a700000, 0x000000008a800000|  0%| F|  |TAMS 0x000000008a700000| PB 0x000000008a700000| Untracked |  0
|  18|0x000000008a800000, 0x000000008a800000, 0x000000008a900000|  0%| F|  |TAMS 0x000000008a800000| PB 0x000000008a800000| Untracked |  0
|  19|0x000000008a900000, 0x000000008a900000, 0x000000008aa00000|  0%| F|  |TAMS 0x000000008a900000| PB 0x000000008a900000| Untracked |  0
|  20|0x000000008aa00000, 0x000000008aa00000, 0x000000008ab00000|  0%| F|  |TAMS 0x000000008aa00000| PB 0x000000008aa00000| Untracked |  0
|  21|0x000000008ab00000, 0x000000008ab00000, 0x000000008ac00000|  0%| F|  |TAMS 0x000000008ab00000| PB 0x000000008ab00000| Untracked |  0
|  22|0x000000008ac00000, 0x000000008ac00000, 0x000000008ad00000|  0%| F|  |TAMS 0x000000008ac00000| PB 0x000000008ac00000| Untracked |  0
|  23|0x000000008ad00000, 0x000000008ad00000, 0x000000008ae00000|  0%| F|  |TAMS 0x000000008ad00000| PB 0x000000008ad00000| Untracked |  0
|  24|0x000000008ae00000, 0x000000008ae00000, 0x000000008af00000|  0%| F|  |TAMS 0x000000008ae00000| PB 0x000000008ae00000| Untracked |  0
|  25|0x000000008af00000, 0x000000008af00000, 0x000000008b000000|  0%| F|  |TAMS 0x000000008af00000| PB 0x000000008af00000| Untracked |  0
|  26|0x000000008b000000, 0x000000008b000000, 0x000000008b100000|  0%| F|  |TAMS 0x000000008b000000| PB 0x000000008b000000| Untracked |  0
|  27|0x000000008b100000, 0x000000008b100000, 0x000000008b200000|  0%| F|  |TAMS 0x000000008b100000| PB 0x000000008b100000| Untracked |  0
|  28|0x000000008b200000, 0x000000008b200000, 0x000000008b300000|  0%| F|  |TAMS 0x000000008b200000| PB 0x000000008b200000| Untracked |  0
|  29|0x000000008b300000, 0x000000008b300000, 0x000000008b400000|  0%| F|  |TAMS 0x000000008b300000| PB 0x000000008b300000| Untracked |  0
|  30|0x000000008b400000, 0x000000008b400000, 0x000000008b500000|  0%| F|  |TAMS 0x000000008b400000| PB 0x000000008b400000| Untracked |  0
|  31|0x000000008b500000, 0x000000008b500000, 0x000000008b600000|  0%| F|  |TAMS 0x000000008b500000| PB 0x000000008b500000| Untracked |  0
|  32|0x000000008b600000, 0x000000008b600000, 0x000000008b700000|  0%| F|  |TAMS 0x000000008b600000| PB 0x000000008b600000| Untracked |  0
|  33|0x000000008b700000, 0x000000008b700000, 0x000000008b800000|  0%| F|  |TAMS 0x000000008b700000| PB 0x000000008b700000| Untracked |  0
|  34|0x000000008b800000, 0x000000008b800000, 0x000000008b900000|  0%| F|  |TAMS 0x000000008b800000| PB 0x000000008b800000| Untracked |  0
|  35|0x000000008b900000, 0x000000008b900000, 0x000000008ba00000|  0%| F|  |TAMS 0x000000008b900000| PB 0x000000008b900000| Untracked |  0
|  36|0x000000008ba00000, 0x000000008ba00000, 0x000000008bb00000|  0%| F|  |TAMS 0x000000008ba00000| PB 0x000000008ba00000| Untracked |  0
|  37|0x000000008bb00000, 0x000000008bb00000, 0x000000008bc00000|  0%| F|  |TAMS 0x000000008bb00000| PB 0x000000008bb00000| Untracked |  0
|  38|0x000000008bc00000, 0x000000008bc00000, 0x000000008bd00000|  0%| F|  |TAMS 0x000000008bc00000| PB 0x000000008bc00000| Untracked |  0
|  39|0x000000008bd00000, 0x000000008bd00000, 0x000000008be00000|  0%| F|  |TAMS 0x000000008bd00000| PB 0x000000008bd00000| Untracked |  0
|  40|0x000000008be00000, 0x000000008be00000, 0x000000008bf00000|  0%| F|  |TAMS 0x000000008be00000| PB 0x000000008be00000| Untracked |  0
|  41|0x000000008bf00000, 0x000000008bf00000, 0x000000008c000000|  0%| F|  |TAMS 0x000000008bf00000| PB 0x000000008bf00000| Untracked |  0
|  42|0x000000008c000000, 0x000000008c000000, 0x000000008c100000|  0%| F|  |TAMS 0x000000008c000000| PB 0x000000008c000000| Untracked |  0
|  43|0x000000008c100000, 0x000000008c100000, 0x000000008c200000|  0%| F|  |TAMS 0x000000008c100000| PB 0x000000008c100000| Untracked |  0
|  44|0x000000008c200000, 0x000000008c200000, 0x000000008c300000|  0%| F|  |TAMS 0x000000008c200000| PB 0x000000008c200000| Untracked |  0
|  45|0x000000008c300000, 0x000000008c300000, 0x000000008c400000|  0%| F|  |TAMS 0x000000008c300000| PB 0x000000008c300000| Untracked |  0
|  46|0x000000008c400000, 0x000000008c400000, 0x000000008c500000|  0%| F|  |TAMS 0x000000008c400000| PB 0x000000008c400000| Untracked |  0
|  47|0x000000008c500000, 0x000000008c500000, 0x000000008c600000|  0%| F|  |TAMS 0x000000008c500000| PB 0x000000008c500000| Untracked |  0
|  48|0x000000008c600000, 0x000000008c600000, 0x000000008c700000|  0%| F|  |TAMS 0x000000008c600000| PB 0x000000008c600000| Untracked |  0
|  49|0x000000008c700000, 0x000000008c700000, 0x000000008c800000|  0%| F|  |TAMS 0x000000008c700000| PB 0x000000008c700000| Untracked |  0
|  50|0x000000008c800000, 0x000000008c800000, 0x000000008c900000|  0%| F|  |TAMS 0x000000008c800000| PB 0x000000008c800000| Untracked |  0
|  51|0x000000008c900000, 0x000000008c900000, 0x000000008ca00000|  0%| F|  |TAMS 0x000000008c900000| PB 0x000000008c900000| Untracked |  0
|  52|0x000000008ca00000, 0x000000008ca00000, 0x000000008cb00000|  0%| F|  |TAMS 0x000000008ca00000| PB 0x000000008ca00000| Untracked |  0
|  53|0x000000008cb00000, 0x000000008cb00000, 0x000000008cc00000|  0%| F|  |TAMS 0x000000008cb00000| PB 0x000000008cb00000| Untracked |  0
|  54|0x000000008cc00000, 0x000000008cc00000, 0x000000008cd00000|  0%| F|  |TAMS 0x000000008cc00000| PB 0x000000008cc00000| Untracked |  0
|  55|0x000000008cd00000, 0x000000008cd00000, 0x000000008ce00000|  0%| F|  |TAMS 0x000000008cd00000| PB 0x000000008cd00000| Untracked |  0
|  56|0x000000008ce00000, 0x000000008ce00000, 0x000000008cf00000|  0%| F|  |TAMS 0x000000008ce00000| PB 0x000000008ce00000| Untracked |  0
|  57|0x000000008cf00000, 0x000000008cf00000, 0x000000008d000000|  0%| F|  |TAMS 0x000000008cf00000| PB 0x000000008cf00000| Untracked |  0
|  58|0x000000008d000000, 0x000000008d000000, 0x000000008d100000|  0%| F|  |TAMS 0x000000008d000000| PB 0x000000008d000000| Untracked |  0
|  59|0x000000008d100000, 0x000000008d100000, 0x000000008d200000|  0%| F|  |TAMS 0x000000008d100000| PB 0x000000008d100000| Untracked |  0
|  60|0x000000008d200000, 0x000000008d200000, 0x000000008d300000|  0%| F|  |TAMS 0x000000008d200000| PB 0x000000008d200000| Untracked |  0
|  61|0x000000008d300000, 0x000000008d300000, 0x000000008d400000|  0%| F|  |TAMS 0x000000008d300000| PB 0x000000008d300000| Untracked |  0
|  62|0x000000008d400000, 0x000000008d400000, 0x000000008d500000|  0%| F|  |TAMS 0x000000008d400000| PB 0x000000008d400000| Untracked |  0
|  63|0x000000008d500000, 0x000000008d500000, 0x000000008d600000|  0%| F|  |TAMS 0x000000008d500000| PB 0x000000008d500000| Untracked |  0
|  64|0x000000008d600000, 0x000000008d600000, 0x000000008d700000|  0%| F|  |TAMS 0x000000008d600000| PB 0x000000008d600000| Untracked |  0
|  65|0x000000008d700000, 0x000000008d700000, 0x000000008d800000|  0%| F|  |TAMS 0x000000008d700000| PB 0x000000008d700000| Untracked |  0
|  66|0x000000008d800000, 0x000000008d800000, 0x000000008d900000|  0%| F|  |TAMS 0x000000008d800000| PB 0x000000008d800000| Untracked |  0
|  67|0x000000008d900000, 0x000000008d900000, 0x000000008da00000|  0%| F|  |TAMS 0x000000008d900000| PB 0x000000008d900000| Untracked |  0
|  68|0x000000008da00000, 0x000000008da00000, 0x000000008db00000|  0%| F|  |TAMS 0x000000008da00000| PB 0x000000008da00000| Untracked |  0
|  69|0x000000008db00000, 0x000000008db00000, 0x000000008dc00000|  0%| F|  |TAMS 0x000000008db00000| PB 0x000000008db00000| Untracked |  0
|  70|0x000000008dc00000, 0x000000008dc00000, 0x000000008dd00000|  0%| F|  |TAMS 0x000000008dc00000| PB 0x000000008dc00000| Untracked |  0
|  71|0x000000008dd00000, 0x000000008dd00000, 0x000000008de00000|  0%| F|  |TAMS 0x000000008dd00000| PB 0x000000008dd00000| Untracked |  0
|  72|0x000000008de00000, 0x000000008de00000, 0x000000008df00000|  0%| F|  |TAMS 0x000000008de00000| PB 0x000000008de00000| Untracked |  0
|  73|0x000000008df00000, 0x000000008df00000, 0x000000008e000000|  0%| F|  |TAMS 0x000000008df00000| PB 0x000000008df00000| Untracked |  0
|  74|0x000000008e000000, 0x000000008e000000, 0x000000008e100000|  0%| F|  |TAMS 0x000000008e000000| PB 0x000000008e000000| Untracked |  0
|  75|0x000000008e100000, 0x000000008e100000, 0x000000008e200000|  0%| F|  |TAMS 0x000000008e100000| PB 0x000000008e100000| Untracked |  0
|  76|0x000000008e200000, 0x000000008e200000, 0x000000008e300000|  0%| F|  |TAMS 0x000000008e200000| PB 0x000000008e200000| Untracked |  0
|  77|0x000000008e300000, 0x000000008e300000, 0x000000008e400000|  0%| F|  |TAMS 0x000000008e300000| PB 0x000000008e300000| Untracked |  0
|  78|0x000000008e400000, 0x000000008e400000, 0x000000008e500000|  0%| F|  |TAMS 0x000000008e400000| PB 0x000000008e400000| Untracked |  0
|  79|0x000000008e500000, 0x000000008e500000, 0x000000008e600000|  0%| F|  |TAMS 0x000000008e500000| PB 0x000000008e500000| Untracked |  0
|  80|0x000000008e600000, 0x000000008e600000, 0x000000008e700000|  0%| F|  |TAMS 0x000000008e600000| PB 0x000000008e600000| Untracked |  0
|  81|0x000000008e700000, 0x000000008e700000, 0x000000008e800000|  0%| F|  |TAMS 0x000000008e700000| PB 0x000000008e700000| Untracked |  0
|  82|0x000000008e800000, 0x000000008e800000, 0x000000008e900000|  0%| F|  |TAMS 0x000000008e800000| PB 0x000000008e800000| Untracked |  0
|  83|0x000000008e900000, 0x000000008e900000, 0x000000008ea00000|  0%| F|  |TAMS 0x000000008e900000| PB 0x000000008e900000| Untracked |  0
|  84|0x000000008ea00000, 0x000000008ea00000, 0x000000008eb00000|  0%| F|  |TAMS 0x000000008ea00000| PB 0x000000008ea00000| Untracked |  0
|  85|0x000000008eb00000, 0x000000008eb00000, 0x000000008ec00000|  0%| F|  |TAMS 0x000000008eb00000| PB 0x000000008eb00000| Untracked |  0
|  86|0x000000008ec00000, 0x000000008ec00000, 0x000000008ed00000|  0%| F|  |TAMS 0x000000008ec00000| PB 0x000000008ec00000| Untracked |  0
|  87|0x000000008ed00000, 0x000000008ed00000, 0x000000008ee00000|  0%| F|  |TAMS 0x000000008ed00000| PB 0x000000008ed00000| Untracked |  0
|  88|0x000000008ee00000, 0x000000008ee00000, 0x000000008ef00000|  0%| F|  |TAMS 0x000000008ee00000| PB 0x000000008ee00000| Untracked |  0
|  89|0x000000008ef00000, 0x000000008ef00000, 0x000000008f000000|  0%| F|  |TAMS 0x000000008ef00000| PB 0x000000008ef00000| Untracked |  0
|  90|0x000000008f000000, 0x000000008f000000, 0x000000008f100000|  0%| F|  |TAMS 0x000000008f000000| PB 0x000000008f000000| Untracked |  0
|  91|0x000000008f100000, 0x000000008f100000, 0x000000008f200000|  0%| F|  |TAMS 0x000000008f100000| PB 0x000000008f100000| Untracked |  0
|  92|0x000000008f200000, 0x000000008f200000, 0x000000008f300000|  0%| F|  |TAMS 0x000000008f200000| PB 0x000000008f200000| Untracked |  0
|  93|0x000000008f300000, 0x000000008f300000, 0x000000008f400000|  0%| F|  |TAMS 0x000000008f300000| PB 0x000000008f300000| Untracked |  0
|  94|0x000000008f400000, 0x000000008f400000, 0x000000008f500000|  0%| F|  |TAMS 0x000000008f400000| PB 0x000000008f400000| Untracked |  0
|  95|0x000000008f500000, 0x000000008f500000, 0x000000008f600000|  0%| F|  |TAMS 0x000000008f500000| PB 0x000000008f500000| Untracked |  0
|  96|0x000000008f600000, 0x000000008f600000, 0x000000008f700000|  0%| F|  |TAMS 0x000000008f600000| PB 0x000000008f600000| Untracked |  0
|  97|0x000000008f700000, 0x000000008f700000, 0x000000008f800000|  0%| F|  |TAMS 0x000000008f700000| PB 0x000000008f700000| Untracked |  0
|  98|0x000000008f800000, 0x000000008f900000, 0x000000008f900000|100%| S|CS|TAMS 0x000000008f800000| PB 0x000000008f800000| Complete |  0
|  99|0x000000008f900000, 0x000000008f900000, 0x000000008fa00000|  0%| F|  |TAMS 0x000000008f900000| PB 0x000000008f900000| Untracked |  0
| 100|0x000000008fa00000, 0x000000008fa00000, 0x000000008fb00000|  0%| F|  |TAMS 0x000000008fa00000| PB 0x000000008fa00000| Untracked |  0
| 101|0x000000008fb00000, 0x000000008fb00000, 0x000000008fc00000|  0%| F|  |TAMS 0x000000008fb00000| PB 0x000000008fb00000| Untracked |  0
| 102|0x000000008fc00000, 0x000000008fc00000, 0x000000008fd00000|  0%| F|  |TAMS 0x000000008fc00000| PB 0x000000008fc00000| Untracked |  0
| 103|0x000000008fd00000, 0x000000008fd00000, 0x000000008fe00000|  0%| F|  |TAMS 0x000000008fd00000| PB 0x000000008fd00000| Untracked |  0
| 104|0x000000008fe00000, 0x000000008fe00000, 0x000000008ff00000|  0%| F|  |TAMS 0x000000008fe00000| PB 0x000000008fe00000| Untracked |  0
| 105|0x000000008ff00000, 0x000000008ff00000, 0x0000000090000000|  0%| F|  |TAMS 0x000000008ff00000| PB 0x000000008ff00000| Untracked |  0
| 106|0x0000000090000000, 0x0000000090000000, 0x0000000090100000|  0%| F|  |TAMS 0x0000000090000000| PB 0x0000000090000000| Untracked |  0
| 107|0x0000000090100000, 0x0000000090100000, 0x0000000090200000|  0%| F|  |TAMS 0x0000000090100000| PB 0x0000000090100000| Untracked |  0
| 108|0x0000000090200000, 0x0000000090200000, 0x0000000090300000|  0%| F|  |TAMS 0x0000000090200000| PB 0x0000000090200000| Untracked |  0
| 109|0x0000000090300000, 0x0000000090300000, 0x0000000090400000|  0%| F|  |TAMS 0x0000000090300000| PB 0x0000000090300000| Untracked |  0
| 110|0x0000000090400000, 0x0000000090400000, 0x0000000090500000|  0%| F|  |TAMS 0x0000000090400000| PB 0x0000000090400000| Untracked |  0
| 111|0x0000000090500000, 0x0000000090500000, 0x0000000090600000|  0%| F|  |TAMS 0x0000000090500000| PB 0x0000000090500000| Untracked |  0
| 112|0x0000000090600000, 0x0000000090600000, 0x0000000090700000|  0%| F|  |TAMS 0x0000000090600000| PB 0x0000000090600000| Untracked |  0
| 113|0x0000000090700000, 0x0000000090700000, 0x0000000090800000|  0%| F|  |TAMS 0x0000000090700000| PB 0x0000000090700000| Untracked |  0
| 114|0x0000000090800000, 0x0000000090800000, 0x0000000090900000|  0%| F|  |TAMS 0x0000000090800000| PB 0x0000000090800000| Untracked |  0
| 115|0x0000000090900000, 0x0000000090900000, 0x0000000090a00000|  0%| F|  |TAMS 0x0000000090900000| PB 0x0000000090900000| Untracked |  0
| 116|0x0000000090a00000, 0x0000000090a00000, 0x0000000090b00000|  0%| F|  |TAMS 0x0000000090a00000| PB 0x0000000090a00000| Untracked |  0
| 117|0x0000000090b00000, 0x0000000090b00000, 0x0000000090c00000|  0%| F|  |TAMS 0x0000000090b00000| PB 0x0000000090b00000| Untracked |  0
| 118|0x0000000090c00000, 0x0000000090d00000, 0x0000000090d00000|100%| E|  |TAMS 0x0000000090c00000| PB 0x0000000090c00000| Complete |  0
| 119|0x0000000090d00000, 0x0000000090e00000, 0x0000000090e00000|100%| E|CS|TAMS 0x0000000090d00000| PB 0x0000000090d00000| Complete |  0

Card table byte_map: [0x000002837e890000,0x000002837ec50000] _byte_map_base: 0x000002837e445000

Marking Bits: (CMBitMap*) 0x00000283653c4420
 Bits: [0x0000028300000000, 0x0000028301da8000)

Polling page: 0x0000028365440000

Metaspace:

Usage:
  Non-class:      4.37 MB used.
      Class:    577.16 KB used.
       Both:      4.94 MB used.

Virtual space:
  Non-class space:       64.00 MB reserved,       4.56 MB (  7%) committed,  1 nodes.
      Class space:        1.00 GB reserved,     704.00 KB ( <1%) committed,  1 nodes.
             Both:        1.06 GB reserved,       5.25 MB ( <1%) committed. 

Chunk freelists:
   Non-Class:  9.73 MB
       Class:  15.33 MB
        Both:  25.06 MB

MaxMetaspaceSize: unlimited
CompressedClassSpaceSize: 1.00 GB
Initial GC threshold: 21.00 MB
Current GC threshold: 21.00 MB
CDS: on
 - commit_granule_bytes: 65536.
 - commit_granule_words: 8192.
 - virtual_space_node_default_size: 8388608.
 - enlarge_chunks_in_place: 1.
 - use_allocation_guard: 0.


Internal statistics:

num_allocs_failed_limit: 0.
num_arena_births: 242.
num_arena_deaths: 0.
num_vsnodes_births: 2.
num_vsnodes_deaths: 0.
num_space_committed: 84.
num_space_uncommitted: 0.
num_chunks_returned_to_freelist: 0.
num_chunks_taken_from_freelist: 416.
num_chunk_merges: 0.
num_chunk_splits: 246.
num_chunks_enlarged: 138.
num_inconsistent_stats: 0.

CodeHeap 'non-profiled nmethods': size=120000Kb used=748Kb max_used=748Kb free=119251Kb
 bounds [0x0000028376970000, 0x0000028376be0000, 0x000002837dea0000]
CodeHeap 'profiled nmethods': size=120000Kb used=2498Kb max_used=2498Kb free=117501Kb
 bounds [0x000002836eea0000, 0x000002836f120000, 0x00000283763d0000]
CodeHeap 'non-nmethods': size=5760Kb used=1373Kb max_used=1414Kb free=4386Kb
 bounds [0x00000283763d0000, 0x0000028376640000, 0x0000028376970000]
 total_blobs=1980 nmethods=1505 adapters=380
 compilation: enabled
              stopped_count=0, restarted_count=0
 full_count=0

Compilation events (20 events):
Event: 8.584 Thread 0x0000028349008070 1428   !   3       jdk.internal.loader.URLClassPath$JarLoader::checkJar (51 bytes)
Event: 8.585 Thread 0x0000028349008070 nmethod 1428 0x000002836f0e9d90 code [0x000002836f0e9f40, 0x000002836f0ea118]
Event: 8.589 Thread 0x0000028349008070 1429   !   3       jdk.internal.misc.ScopedMemoryAccess::getShortUnaligned (18 bytes)
Event: 8.590 Thread 0x0000028349008070 nmethod 1429 0x000002836f0ea210 code [0x000002836f0ea400, 0x000002836f0ea8d8]
Event: 8.590 Thread 0x0000028349008070 1430   !   3       jdk.internal.misc.ScopedMemoryAccess::getShortUnalignedInternal (36 bytes)
Event: 8.590 Thread 0x0000028349008070 nmethod 1430 0x000002836f0eab90 code [0x000002836f0ead60, 0x000002836f0eb0f8]
Event: 8.592 Thread 0x0000028349008070 1431       3       jdk.internal.misc.Unsafe::getIntUnaligned (12 bytes)
Event: 8.593 Thread 0x0000028349008070 nmethod 1431 0x000002836f0eb310 code [0x000002836f0eb4c0, 0x000002836f0eb718]
Event: 8.614 Thread 0x0000028349008070 1433       3       sun.reflect.generics.parser.SignatureParser::current (59 bytes)
Event: 8.614 Thread 0x0000028349008070 nmethod 1433 0x000002836f0eb810 code [0x000002836f0eba20, 0x000002836f0ec0f0]
Event: 8.614 Thread 0x0000028349008070 1434       3       sun.reflect.generics.parser.SignatureParser::advance (53 bytes)
Event: 8.615 Thread 0x0000028349008070 nmethod 1434 0x000002836f0ec410 code [0x000002836f0ec5c0, 0x000002836f0ec810]
Event: 8.616 Thread 0x0000028349008070 1435       3       java.lang.invoke.MethodHandles$Lookup::checkSecurityManager (97 bytes)
Event: 8.616 Thread 0x0000028349008070 nmethod 1435 0x000002836f0ec910 code [0x000002836f0ecb00, 0x000002836f0ecff8]
Event: 8.622 Thread 0x0000028349008070 1436       3       java.lang.CharacterDataLatin1::isWhitespace (23 bytes)
Event: 8.623 Thread 0x0000028349008070 nmethod 1436 0x000002836f0ed190 code [0x000002836f0ed340, 0x000002836f0ed548]
Event: 8.623 Thread 0x0000028349008070 1437       3       java.lang.Character::isWhitespace (5 bytes)
Event: 8.623 Thread 0x0000028349008070 nmethod 1437 0x000002836f0ed690 code [0x000002836f0ed840, 0x000002836f0eda98]
Event: 8.623 Thread 0x0000028349008070 1438       3       java.lang.Character::isWhitespace (9 bytes)
Event: 8.623 Thread 0x0000028349008070 nmethod 1438 0x000002836f0edb90 code [0x000002836f0edd40, 0x000002836f0edf38]

GC Heap History (2 events):
Event: 5.780 GC heap before
{Heap before GC invocations=0 (full 0):
 garbage-first heap   total reserved 1943552K, committed 122880K, used 14336K [0x0000000089600000, 0x0000000100000000)
  region size 1024K, 14 young (14336K), 0 survivors (0K)
 Metaspace       used 1839K, committed 2048K, reserved 1114112K
  class space    used 184K, committed 320K, reserved 1048576K
}
Event: 5.943 GC heap after
{Heap after GC invocations=1 (full 0):
 garbage-first heap   total reserved 1943552K, committed 122880K, used 2048K [0x0000000089600000, 0x0000000100000000)
  region size 1024K, 2 young (2048K), 2 survivors (2048K)
 Metaspace       used 1839K, committed 2048K, reserved 1114112K
  class space    used 184K, committed 320K, reserved 1048576K
}

Dll operation events (7 events):
Event: 0.547 Loaded shared library C:\Program Files\Java\jdk-22\bin\java.dll
Event: 1.866 Loaded shared library C:\Program Files\Java\jdk-22\bin\jsvml.dll
Event: 2.612 Loaded shared library C:\Program Files\Java\jdk-22\bin\net.dll
Event: 3.098 Loaded shared library C:\Program Files\Java\jdk-22\bin\nio.dll
Event: 3.334 Loaded shared library C:\Program Files\Java\jdk-22\bin\zip.dll
Event: 3.825 Loaded shared library C:\Program Files\Java\jdk-22\bin\jimage.dll
Event: 6.424 Loaded shared library C:\Program Files\Java\jdk-22\bin\verify.dll

Deoptimization events (20 events):
Event: 7.387 Thread 0x00000283651f0500 Uncommon trap: trap_request=0xffffffde fr.pc=0x00000283769fd848 relative=0x0000000000000128
Event: 7.387 Thread 0x00000283651f0500 Uncommon trap: reason=class_check action=maybe_recompile pc=0x00000283769fd848 method=jdk.internal.misc.Unsafe.allocateUninitializedArray(Ljava/lang/Class;I)Ljava/lang/Object; @ 51 c2
Event: 7.387 Thread 0x00000283651f0500 DEOPT PACKING pc=0x00000283769fd848 sp=0x000000b6ca7fce10
Event: 7.387 Thread 0x00000283651f0500 DEOPT UNPACKING pc=0x00000283764246a2 sp=0x000000b6ca7fcd88 mode 2
Event: 7.387 Thread 0x00000283651f0500 Uncommon trap: trap_request=0xffffffde fr.pc=0x00000283769fd848 relative=0x0000000000000128
Event: 7.387 Thread 0x00000283651f0500 Uncommon trap: reason=class_check action=maybe_recompile pc=0x00000283769fd848 method=jdk.internal.misc.Unsafe.allocateUninitializedArray(Ljava/lang/Class;I)Ljava/lang/Object; @ 51 c2
Event: 7.387 Thread 0x00000283651f0500 DEOPT PACKING pc=0x00000283769fd848 sp=0x000000b6ca7fcdb0
Event: 7.387 Thread 0x00000283651f0500 DEOPT UNPACKING pc=0x00000283764246a2 sp=0x000000b6ca7fcd28 mode 2
Event: 7.387 Thread 0x00000283651f0500 Uncommon trap: trap_request=0xffffffde fr.pc=0x00000283769fd848 relative=0x0000000000000128
Event: 7.387 Thread 0x00000283651f0500 Uncommon trap: reason=class_check action=maybe_recompile pc=0x00000283769fd848 method=jdk.internal.misc.Unsafe.allocateUninitializedArray(Ljava/lang/Class;I)Ljava/lang/Object; @ 51 c2
Event: 7.387 Thread 0x00000283651f0500 DEOPT PACKING pc=0x00000283769fd848 sp=0x000000b6ca7fc950
Event: 7.387 Thread 0x00000283651f0500 DEOPT UNPACKING pc=0x00000283764246a2 sp=0x000000b6ca7fc8c8 mode 2
Event: 8.341 Thread 0x00000283651f0500 Uncommon trap: trap_request=0xffffff45 fr.pc=0x00000283769985d0 relative=0x00000000000000b0
Event: 8.341 Thread 0x00000283651f0500 Uncommon trap: reason=unstable_if action=reinterpret pc=0x00000283769985d0 method=jdk.internal.misc.Unsafe.convEndian(ZS)S @ 4 c2
Event: 8.341 Thread 0x00000283651f0500 DEOPT PACKING pc=0x00000283769985d0 sp=0x000000b6ca7fdd30
Event: 8.341 Thread 0x00000283651f0500 DEOPT UNPACKING pc=0x00000283764246a2 sp=0x000000b6ca7fdb20 mode 2
Event: 8.469 Thread 0x00000283651f0500 Uncommon trap: trap_request=0xffffff45 fr.pc=0x0000028376999684 relative=0x00000000000000e4
Event: 8.469 Thread 0x00000283651f0500 Uncommon trap: reason=unstable_if action=reinterpret pc=0x0000028376999684 method=jdk.internal.misc.Unsafe.convEndian(ZI)I @ 4 c2
Event: 8.469 Thread 0x00000283651f0500 DEOPT PACKING pc=0x0000028376999684 sp=0x000000b6ca7fd6c0
Event: 8.470 Thread 0x00000283651f0500 DEOPT UNPACKING pc=0x00000283764246a2 sp=0x000000b6ca7fd458 mode 2

Classes loaded (20 events):
Event: 8.613 Loading class java/lang/reflect/TypeVariable
Event: 8.613 Loading class java/lang/reflect/TypeVariable done
Event: 8.613 Loading class sun/reflect/generics/tree/FormalTypeParameter
Event: 8.614 Loading class sun/reflect/generics/tree/FormalTypeParameter done
Event: 8.614 Loading class sun/reflect/generics/tree/ClassSignature
Event: 8.614 Loading class sun/reflect/generics/tree/Signature
Event: 8.614 Loading class sun/reflect/generics/tree/Signature done
Event: 8.614 Loading class sun/reflect/generics/tree/ClassSignature done
Event: 8.615 Loading class sun/reflect/generics/reflectiveObjects/TypeVariableImpl
Event: 8.615 Loading class sun/reflect/generics/reflectiveObjects/LazyReflectiveObjectGenerator
Event: 8.615 Loading class sun/reflect/generics/reflectiveObjects/LazyReflectiveObjectGenerator done
Event: 8.615 Loading class sun/reflect/generics/reflectiveObjects/TypeVariableImpl done
Event: 8.619 Loading class java/lang/reflect/ParameterizedType
Event: 8.619 Loading class java/lang/reflect/ParameterizedType done
Event: 8.619 Loading class java/lang/reflect/WildcardType
Event: 8.619 Loading class java/lang/reflect/WildcardType done
Event: 8.622 Loading class sun/reflect/generics/tree/TypeVariableSignature
Event: 8.623 Loading class sun/reflect/generics/tree/TypeVariableSignature done
Event: 8.623 Loading class sun/reflect/generics/reflectiveObjects/ParameterizedTypeImpl
Event: 8.623 Loading class sun/reflect/generics/reflectiveObjects/ParameterizedTypeImpl done

Classes unloaded (0 events):
No events

Classes redefined (0 events):
No events

Internal exceptions (20 events):
Event: 4.334 Thread 0x00000283651f0500 Exception <a 'java/lang/NoSuchMethodError'{0x0000000090907a70}: 'int java.lang.invoke.DirectMethodHandle$Holder.invokeStaticInit(java.lang.Object, java.lang.Object, java.lang.Object)'> (0x0000000090907a70) 
thrown [s\open\src\hotspot\share\interpreter\linkResolver.cpp, line 774]
Event: 4.334 Thread 0x00000283651f0500 Exception <a 'java/lang/NoSuchMethodError'{0x000000009090b0c8}: 'int java.lang.invoke.DirectMethodHandle$Holder.invokeStaticInit(java.lang.Object, int, int)'> (0x000000009090b0c8) 
thrown [s\open\src\hotspot\share\interpreter\linkResolver.cpp, line 774]
Event: 4.336 Thread 0x00000283651f0500 Exception <a 'java/lang/NoSuchMethodError'{0x00000000909127a8}: 'int java.lang.invoke.DirectMethodHandle$Holder.invokeStaticInit(java.lang.Object, long, long)'> (0x00000000909127a8) 
thrown [s\open\src\hotspot\share\interpreter\linkResolver.cpp, line 774]
Event: 4.338 Thread 0x00000283651f0500 Exception <a 'java/lang/NoSuchMethodError'{0x0000000090919220}: 'int java.lang.invoke.DirectMethodHandle$Holder.invokeStaticInit(java.lang.Object, float, float)'> (0x0000000090919220) 
thrown [s\open\src\hotspot\share\interpreter\linkResolver.cpp, line 774]
Event: 4.439 Thread 0x00000283651f0500 Exception <a 'java/lang/NoSuchMethodError'{0x000000009091fc90}: 'int java.lang.invoke.DirectMethodHandle$Holder.invokeStaticInit(java.lang.Object, double, double)'> (0x000000009091fc90) 
thrown [s\open\src\hotspot\share\interpreter\linkResolver.cpp, line 774]
Event: 4.440 Thread 0x00000283651f0500 Exception <a 'java/lang/NoSuchMethodError'{0x00000000909248b0}: 'int java.lang.invoke.DirectMethodHandle$Holder.invokeStatic(java.lang.Object, long)'> (0x00000000909248b0) 
thrown [s\open\src\hotspot\share\interpreter\linkResolver.cpp, line 774]
Event: 4.451 Thread 0x00000283651f0500 Exception <a 'java/lang/NoSuchMethodError'{0x0000000090946e50}: 'int java.lang.invoke.Invokers$Holder.linkToTargetMethod(java.lang.Object, java.lang.Object)'> (0x0000000090946e50) 
thrown [s\open\src\hotspot\share\interpreter\linkResolver.cpp, line 774]
Event: 4.676 Thread 0x00000283651f0500 Exception <a 'java/lang/NoSuchMethodError'{0x00000000909c95f0}: 'java.lang.Object java.lang.invoke.DirectMethodHandle$Holder.invokeSpecial(java.lang.Object, java.lang.Object, int, java.lang.Object, java.lang.Object)'> (0x00000000909c95f0) 
thrown [s\open\src\hotspot\share\interpreter\linkResolver.cpp, line 774]
Event: 4.677 Thread 0x00000283651f0500 Exception <a 'java/lang/NoSuchMethodError'{0x00000000909ccf70}: 'java.lang.Object java.lang.invoke.DelegatingMethodHandle$Holder.delegate(java.lang.Object, int, java.lang.Object, java.lang.Object)'> (0x00000000909ccf70) 
thrown [s\open\src\hotspot\share\interpreter\linkResolver.cpp, line 774]
Event: 4.683 Thread 0x00000283651f0500 Exception <a 'java/lang/NoSuchMethodError'{0x00000000909dc5d0}: 'int java.lang.invoke.Invokers$Holder.linkToTargetMethod(java.lang.Object, java.lang.Object, java.lang.Object)'> (0x00000000909dc5d0) 
thrown [s\open\src\hotspot\share\interpreter\linkResolver.cpp, line 774]
Event: 4.694 Thread 0x00000283651f0500 Exception <a 'java/lang/NoSuchMethodError'{0x0000000090800428}: 'void java.lang.invoke.DirectMethodHandle$Holder.invokeSpecial(java.lang.Object, java.lang.Object, java.lang.Object, java.lang.Object, java.lang.Object)'> (0x0000000090800428) 
thrown [s\open\src\hotspot\share\interpreter\linkResolver.cpp, line 774]
Event: 4.766 Thread 0x00000283651f0500 Exception <a 'java/lang/NoSuchMethodError'{0x000000009085f200}: 'java.lang.Object java.lang.invoke.DirectMethodHandle$Holder.invokeStaticInit(java.lang.Object, int)'> (0x000000009085f200) 
thrown [s\open\src\hotspot\share\interpreter\linkResolver.cpp, line 774]
Event: 5.517 Thread 0x00000283651f0500 Exception <a 'java/lang/NoSuchMethodError'{0x0000000090277498}: 'void java.lang.invoke.DirectMethodHandle$Holder.invokeStatic(java.lang.Object, java.lang.Object)'> (0x0000000090277498) 
thrown [s\open\src\hotspot\share\interpreter\linkResolver.cpp, line 774]
Event: 6.687 Thread 0x00000283651f0500 Exception <a 'java/lang/NoSuchMethodError'{0x0000000090aa34d0}: 'void java.lang.invoke.DirectMethodHandle$Holder.invokeVirtual(java.lang.Object, java.lang.Object)'> (0x0000000090aa34d0) 
thrown [s\open\src\hotspot\share\interpreter\linkResolver.cpp, line 774]
Event: 6.910 Thread 0x00000283651f0500 Exception <a 'java/lang/ClassNotFoundException'{0x00000000908590e0}: javax/smartcardio/CardPermission> (0x00000000908590e0) 
thrown [s\open\src\hotspot\share\classfile\systemDictionary.cpp, line 313]
Event: 6.920 Thread 0x00000283651f0500 Exception <a 'java/io/FileNotFoundException'{0x0000000090867b50}> (0x0000000090867b50) 
thrown [s\open\src\hotspot\share\prims\jni.cpp, line 520]
Event: 7.025 Thread 0x00000283651f0500 Exception <a 'java/lang/NoSuchMethodError'{0x0000000090736328}: 'java.lang.Object java.lang.invoke.DirectMethodHandle$Holder.invokeSpecial(java.lang.Object, java.lang.Object, java.lang.Object, long, java.lang.Object)'> (0x0000000090736328) 
thrown [s\open\src\hotspot\share\interpreter\linkResolver.cpp, line 774]
Event: 7.025 Thread 0x00000283651f0500 Exception <a 'java/lang/NoSuchMethodError'{0x0000000090739c88}: 'java.lang.Object java.lang.invoke.Invokers$Holder.linkToTargetMethod(java.lang.Object, long, java.lang.Object, java.lang.Object)'> (0x0000000090739c88) 
thrown [s\open\src\hotspot\share\interpreter\linkResolver.cpp, line 774]
Event: 7.625 Thread 0x00000283651f0500 Exception <a 'java/lang/NoSuchMethodError'{0x00000000903cbb18}: 'void java.lang.invoke.DirectMethodHandle$Holder.invokeStatic(java.lang.Object, java.lang.Object, java.lang.Object, java.lang.Object)'> (0x00000000903cbb18) 
thrown [s\open\src\hotspot\share\interpreter\linkResolver.cpp, line 774]
Event: 7.900 Thread 0x00000283651f0500 Exception <a 'java/lang/NoSuchMethodError'{0x00000000900354b8}: 'void java.lang.invoke.DirectMethodHandle$Holder.invokeInterface(java.lang.Object, java.lang.Object, java.lang.Object, java.lang.Object)'> (0x00000000900354b8) 
thrown [s\open\src\hotspot\share\interpreter\linkResolver.cpp, line 774]

ZGC Phase Switch (0 events):
No events

VM Operations (20 events):
Event: 3.338 Executing VM operation: HandshakeAllThreads (Deoptimize)
Event: 3.338 Executing VM operation: HandshakeAllThreads (Deoptimize) done
Event: 3.338 Executing VM operation: Cleanup
Event: 3.338 Executing VM operation: Cleanup done
Event: 4.345 Executing VM operation: Cleanup
Event: 4.437 Executing VM operation: Cleanup done
Event: 5.453 Executing VM operation: Cleanup
Event: 5.453 Executing VM operation: Cleanup done
Event: 5.779 Executing VM operation: G1CollectForAllocation (G1 Evacuation Pause)
Event: 5.943 Executing VM operation: G1CollectForAllocation (G1 Evacuation Pause) done
Event: 6.434 Executing VM operation: HandshakeAllThreads (Deoptimize)
Event: 6.434 Executing VM operation: HandshakeAllThreads (Deoptimize) done
Event: 6.674 Executing VM operation: HandshakeAllThreads (Deoptimize)
Event: 6.674 Executing VM operation: HandshakeAllThreads (Deoptimize) done
Event: 7.686 Executing VM operation: Cleanup
Event: 7.746 Executing VM operation: Cleanup done
Event: 8.485 Executing VM operation: HandshakeAllThreads (Deoptimize)
Event: 8.485 Executing VM operation: HandshakeAllThreads (Deoptimize) done
Event: 8.485 Executing VM operation: HandshakeAllThreads (Deoptimize)
Event: 8.485 Executing VM operation: HandshakeAllThreads (Deoptimize) done

Events (14 events):
Event: 1.197 Thread 0x00000283651f0500 Thread added: 0x00000283651f0500
Event: 1.730 Thread 0x000002837f2512b0 Thread added: 0x000002837f2512b0
Event: 1.736 Thread 0x000002837f253d20 Thread added: 0x000002837f253d20
Event: 1.744 Thread 0x000002837f254780 Thread added: 0x000002837f254780
Event: 1.744 Thread 0x000002837f2551e0 Thread added: 0x000002837f2551e0
Event: 1.745 Thread 0x000002837f255c40 Thread added: 0x000002837f255c40
Event: 1.745 Thread 0x000002837f2586b0 Thread added: 0x000002837f2586b0
Event: 1.746 Thread 0x000002837f259440 Thread added: 0x000002837f259440
Event: 1.891 Thread 0x0000028349008070 Thread added: 0x0000028349008070
Event: 2.258 Thread 0x000002834906f1d0 Thread added: 0x000002834906f1d0
Event: 2.573 Thread 0x0000028349079750 Thread added: 0x0000028349079750
Event: 4.176 Thread 0x000002834919f230 Thread added: 0x000002834919f230
Event: 4.838 Thread 0x0000028349359b10 Thread added: 0x0000028349359b10
Event: 5.294 Thread 0x0000028349359b10 Thread exited: 0x0000028349359b10


Dynamic libraries:
0x00007ff6ad2a0000 - 0x00007ff6ad2b0000 	C:\Program Files\Java\jdk-22\bin\java.exe
0x00007fffe2950000 - 0x00007fffe2b48000 	C:\Windows\SYSTEM32\ntdll.dll
0x00007fffe0f00000 - 0x00007fffe0fc2000 	C:\Windows\System32\KERNEL32.DLL
0x00007fffe01e0000 - 0x00007fffe04d6000 	C:\Windows\System32\KERNELBASE.dll
0x00007fffe0600000 - 0x00007fffe0700000 	C:\Windows\System32\ucrtbase.dll
0x00007fffce710000 - 0x00007fffce727000 	C:\Program Files\Java\jdk-22\bin\jli.dll
0x00007fffe0a90000 - 0x00007fffe0b41000 	C:\Windows\System32\ADVAPI32.dll
0x00007fffe12d0000 - 0x00007fffe136e000 	C:\Windows\System32\msvcrt.dll
0x00007fffe1450000 - 0x00007fffe14ef000 	C:\Windows\System32\sechost.dll
0x00007fffe1040000 - 0x00007fffe1163000 	C:\Windows\System32\RPCRT4.dll
0x00007fffe07e0000 - 0x00007fffe0807000 	C:\Windows\System32\bcrypt.dll
0x00007fffe1a70000 - 0x00007fffe1c0d000 	C:\Windows\System32\USER32.dll
0x00007fffe0700000 - 0x00007fffe0722000 	C:\Windows\System32\win32u.dll
0x00007fffe0b70000 - 0x00007fffe0b9b000 	C:\Windows\System32\GDI32.dll
0x00007fffe04e0000 - 0x00007fffe05f9000 	C:\Windows\System32\gdi32full.dll
0x00007fffe00f0000 - 0x00007fffe018d000 	C:\Windows\System32\msvcp_win.dll
0x00007fffce5e0000 - 0x00007fffce5fb000 	C:\Program Files\Java\jdk-22\bin\VCRUNTIME140.dll
0x00007fffcb690000 - 0x00007fffcb92a000 	C:\Windows\WinSxS\amd64_microsoft.windows.common-controls_6595b64144ccf1df_6.0.19041.5915_none_60b4b9d171f9c7c7\COMCTL32.dll
0x00007fffd9fe0000 - 0x00007fffd9fea000 	C:\Windows\SYSTEM32\VERSION.dll
0x00007fffe19d0000 - 0x00007fffe19ff000 	C:\Windows\System32\IMM32.DLL
0x00007fffdbce0000 - 0x00007fffdbcec000 	C:\Program Files\Java\jdk-22\bin\vcruntime140_1.dll
0x00007fff818b0000 - 0x00007fff8193e000 	C:\Program Files\Java\jdk-22\bin\msvcp140.dll
0x00007fff33e80000 - 0x00007fff34bc7000 	C:\Program Files\Java\jdk-22\bin\server\jvm.dll
0x00007fffe1a00000 - 0x00007fffe1a6b000 	C:\Windows\System32\WS2_32.dll
0x00007fffdfe40000 - 0x00007fffdfe8b000 	C:\Windows\SYSTEM32\POWRPROF.dll
0x00007fffcd260000 - 0x00007fffcd287000 	C:\Windows\SYSTEM32\WINMM.dll
0x00007fffdfe20000 - 0x00007fffdfe32000 	C:\Windows\SYSTEM32\UMPDC.dll
0x00007fffde7f0000 - 0x00007fffde802000 	C:\Windows\SYSTEM32\kernel.appcore.dll
0x00007fffd9fb0000 - 0x00007fffd9fba000 	C:\Program Files\Java\jdk-22\bin\jimage.dll
0x00007fffcb930000 - 0x00007fffcbb31000 	C:\Windows\SYSTEM32\DBGHELP.DLL
0x00007fffb7460000 - 0x00007fffb7494000 	C:\Windows\SYSTEM32\dbgcore.DLL
0x00007fffe0060000 - 0x00007fffe00e2000 	C:\Windows\System32\bcryptPrimitives.dll
0x00007fffcc360000 - 0x00007fffcc37e000 	C:\Program Files\Java\jdk-22\bin\java.dll
0x00007fffe1ed0000 - 0x00007fffe263e000 	C:\Windows\System32\SHELL32.dll
0x00007fffe1d40000 - 0x00007fffe1e6b000 	C:\Windows\System32\ole32.dll
0x00007fffe0ba0000 - 0x00007fffe0ef3000 	C:\Windows\System32\combase.dll
0x00007fffddfd0000 - 0x00007fffde774000 	C:\Windows\SYSTEM32\windows.storage.dll
0x00007fffdf860000 - 0x00007fffdf88b000 	C:\Windows\SYSTEM32\Wldp.dll
0x00007fffe1c70000 - 0x00007fffe1d3d000 	C:\Windows\System32\OLEAUT32.dll
0x00007fffe1170000 - 0x00007fffe121d000 	C:\Windows\System32\SHCORE.dll
0x00007fffe0fd0000 - 0x00007fffe102b000 	C:\Windows\System32\shlwapi.dll
0x00007fffdff10000 - 0x00007fffdff34000 	C:\Windows\SYSTEM32\profapi.dll
0x00007fff817d0000 - 0x00007fff818a7000 	C:\Program Files\Java\jdk-22\bin\jsvml.dll
0x00007fffd1290000 - 0x00007fffd12a0000 	C:\Program Files\Java\jdk-22\bin\net.dll
0x00007fffdf640000 - 0x00007fffdf6aa000 	C:\Windows\system32\mswsock.dll
0x00007fffaea30000 - 0x00007fffaea46000 	C:\Program Files\Java\jdk-22\bin\nio.dll
0x00007fffaea10000 - 0x00007fffaea27000 	C:\Program Files\Java\jdk-22\bin\zip.dll
0x00007fffd11d0000 - 0x00007fffd11e0000 	C:\Program Files\Java\jdk-22\bin\verify.dll

dbghelp: loaded successfully - version: 4.0.5 - missing functions: none
symbol engine: initialized successfully - sym options: 0x614 - pdb path: .;C:\Program Files\Java\jdk-22\bin;C:\Windows\SYSTEM32;C:\Windows\WinSxS\amd64_microsoft.windows.common-controls_6595b64144ccf1df_6.0.19041.5915_none_60b4b9d171f9c7c7;C:\Program Files\Java\jdk-22\bin\server

VM Arguments:
java_command: c:\Users\walid\.vscode\extensions\salesforce.salesforce-vscode-slds-2.0.12\lsp-2.0.12-executable.jar --PORT=56601
java_class_path (initial): c:\Users\walid\.vscode\extensions\salesforce.salesforce-vscode-slds-2.0.12\lsp-2.0.12-executable.jar
Launcher Type: SUN_STANDARD

[Global flags]
     intx CICompilerCount                          = 3                                         {product} {ergonomic}
     uint ConcGCThreads                            = 1                                         {product} {ergonomic}
     uint G1ConcRefinementThreads                  = 4                                         {product} {ergonomic}
   size_t G1HeapRegionSize                         = 1048576                                   {product} {ergonomic}
   size_t InitialHeapSize                          = 125829120                                 {product} {ergonomic}
   size_t MarkStackSize                            = 4194304                                   {product} {ergonomic}
   size_t MaxHeapSize                              = 1990197248                                {product} {ergonomic}
   size_t MaxNewSize                               = 1193279488                                {product} {ergonomic}
   size_t MinHeapDeltaBytes                        = 1048576                                   {product} {ergonomic}
   size_t MinHeapSize                              = 8388608                                   {product} {ergonomic}
    uintx NonNMethodCodeHeapSize                   = 5832780                                {pd product} {ergonomic}
    uintx NonProfiledCodeHeapSize                  = 122912730                              {pd product} {ergonomic}
    uintx ProfiledCodeHeapSize                     = 122912730                              {pd product} {ergonomic}
    uintx ReservedCodeCacheSize                    = 251658240                              {pd product} {ergonomic}
     bool SegmentedCodeCache                       = true                                      {product} {ergonomic}
   size_t SoftMaxHeapSize                          = 1990197248                             {manageable} {ergonomic}
     bool UseCompressedOops                        = true                           {product lp64_product} {ergonomic}
     bool UseG1GC                                  = true                                      {product} {ergonomic}
     bool UseLargePagesIndividualAllocation        = false                                  {pd product} {ergonomic}

Logging:
Log output configuration:
 #0: stdout all=warning uptime,level,tags foldmultilines=false
 #1: stderr all=off uptime,level,tags foldmultilines=false

Environment Variables:
JAVA_HOME=C:\Program Files\Java\jdk-22
PATH=C:\oracle\bin;C:\oracle\instantclient_19;C:\Program Files (x86)\VMware\VMware Workstation\bin\;C:\Program Files\Common Files\Oracle\Java\javapath;C:\oraclexe\app\oracle\product\11.2.0\server\bin;C:\Windows\system32;C:\Windows;C:\Windows\System32\Wbem;C:\Windows\System32\WindowsPowerShell\v1.0\;C:\Windows\System32\OpenSSH\;C:\Program Files (x86)\dotnet\;C:\wamp64\bin\php\php8.1.0;C:\wamp64;C:\Program Files\MongoDB\Server\6.0\bin;C:\composer;C:\Program Files (x86)\Microsoft SQL Server\160\Tools\Binn\;C:\Program Files\Microsoft SQL Server\160\Tools\Binn\;C:\Program Files\Microsoft SQL Server\Client SDK\ODBC\170\Tools\Binn\;C:\Program Files\Microsoft SQL Server\160\DTS\Binn\;C:\Program Files (x86)\Microsoft SQL Server\160\DTS\Binn\;C:\Program Files (x86)\sqlite3;C:\Program Files\Java\jdk-22\bin;C:\Program Files (x86)\apache-maven-3.9.8-bin\apache-maven-3.9.8\bin;C:\Program Files\Git\cmd;C:\Program Files\Microsoft SQL Server\150\Tools\Binn\;C:\Program Files\nodejs\;C:\Program Files\dotnet\;C:\Program Files\Microsoft SQL Server\130\DTS\Binn\;C:\Program Files\Microsoft SQL Server\140\DTS\Binn\;C:\Program Files\Microsoft SQL Server\150\DTS\Binn\;C:\Users\walid\AppData\Local\Programs\Python\Python310;C:\Users\walid\AppData\Roaming\npm;C:\Users\walid\AppData\Local\Programs\Python\Python310\Scripts\;C:\xampp\php;C:\Users\walid\AppData\Local\Microsoft\WindowsApps;C:\Users\walid\AppData\Local\Programs\Microsoft VS Code\bin;C:\Program Files\sf\bin
USERNAME=walid
OS=Windows_NT
PROCESSOR_IDENTIFIER=Intel64 Family 6 Model 78 Stepping 3, GenuineIntel
TMP=C:\Temp
TEMP=C:\Temp




Periodic native trim disabled

---------------  S Y S T E M  ---------------

OS:
 Windows 10 , 64 bit Build 19041 (10.0.19041.5915)
OS uptime: 0 days 22:53 hours
Hyper-V role detected

CPU: total 4 (initial active 4) (2 cores per cpu, 2 threads per core) family 6 model 78 stepping 3 microcode 0xcc, cx8, cmov, fxsr, ht, mmx, 3dnowpref, sse, sse2, sse3, ssse3, sse4.1, sse4.2, popcnt, lzcnt, tsc, tscinvbit, avx, avx2, aes, erms, clmul, bmi1, bmi2, rtm, adx, fma, vzeroupper, clflush, clflushopt, hv, rdtscp, f16c
Processor Information for all 4 processors :
  Max Mhz: 2496, Current Mhz: 798, Mhz Limit: 798

Memory: 4k page, system-wide physical 7591M (331M free)
TotalPageFile size 15783M (AvailPageFile size 8M)
current process WorkingSet (physical memory assigned to process): 80M, peak: 80M
current process commit charge ("private bytes"): 209M, peak: 210M

vm_info: Java HotSpot(TM) 64-Bit Server VM (22.0.1+8-16) for windows-amd64 JRE (22.0.1+8-16), built on 2024-03-12T10:33:16Z by "mach5one" with MS VC++ 17.6 (VS2022)

END.
