#
# There is insufficient memory for the Java Runtime Environment to continue.
# Native memory allocation (malloc) failed to allocate 1048576 bytes. Error detail: AllocateHeap
# Possible reasons:
#   The system is out of physical RAM or swap space
#   This process is running with CompressedOops enabled, and the Java Heap may be blocking the growth of the native heap
# Possible solutions:
#   Reduce memory load on the system
#   Increase physical memory or swap space
#   Check if swap backing store is full
#   Decrease Java heap size (-Xmx/-Xms)
#   Decrease number of Java threads
#   Decrease Java thread stack sizes (-Xss)
#   Set larger code cache with -XX:ReservedCodeCacheSize=
#   JVM is running with Unscaled Compressed Oops mode in which the Java heap is
#     placed in the first 4GB address space. The Java Heap base address is the
#     maximum limit for the native heap growth. Please use -XX:HeapBaseMinAddress
#     to set the Java Heap base and to place the Java Heap above 4GB virtual address.
# This output file may be truncated or incomplete.
#
#  Out of Memory Error (allocation.cpp:44), pid=10028, tid=2344
#
# JRE version:  (22.0.1+8) (build )
# Java VM: Java HotSpot(TM) 64-Bit Server VM (22.0.1+8-16, mixed mode, sharing, tiered, compressed oops, compressed class ptrs, g1 gc, windows-amd64)
# No core dump will be written. Minidumps are not enabled by default on client versions of Windows
#

---------------  S U M M A R Y ------------

Command Line: c:\Users\walid\.vscode\extensions\salesforce.salesforce-vscode-slds-2.0.12\lsp-2.0.12-executable.jar --PORT=52838

Host: Intel(R) Core(TM) i5-6300U CPU @ 2.40GHz, 4 cores, 7G,  Windows 10 , 64 bit Build 19041 (10.0.19041.5915)
Time: Sat Aug  2 16:50:04 2025 Maroc (heure d64 bit Build 19041 (10.0.19041.5915) elapsed time: 0.097905 seconds (0d 0h 0m 0s)

---------------  T H R E A D  ---------------

Current thread (0x0000025414bdeef0):  JavaThread "Unknown thread" [_thread_in_vm, id=2344, stack(0x0000005798200000,0x0000005798300000) (1024K)]

Stack: [0x0000005798200000,0x0000005798300000]
Native frames: (J=compiled Java code, j=interpreted, Vv=VM code, C=native code)
V  [jvm.dll+0x6e2279]  (no source info available)
V  [jvm.dll+0x874e33]  (no source info available)
V  [jvm.dll+0x87725e]  (no source info available)
V  [jvm.dll+0x877933]  (no source info available)
V  [jvm.dll+0x27fd76]  (no source info available)
V  [jvm.dll+0xbe877]  (no source info available)
V  [jvm.dll+0x334fc4]  (no source info available)
V  [jvm.dll+0x32d12e]  (no source info available)
V  [jvm.dll+0x83ccdc]  (no source info available)
V  [jvm.dll+0x3c0d71]  (no source info available)
V  [jvm.dll+0x825ccc]  (no source info available)
V  [jvm.dll+0x45b8fe]  (no source info available)
V  [jvm.dll+0x45d781]  (no source info available)
C  [jli.dll+0x52a3]  (no source info available)
C  [ucrtbase.dll+0x21bb2]  (no source info available)
C  [KERNEL32.DLL+0x17374]  (no source info available)
C  [ntdll.dll+0x4cc91]  (no source info available)


---------------  P R O C E S S  ---------------

Threads class SMR info:
_java_thread_list=0x00007fff3f25b1c8, length=0, elements={
}

Java Threads: ( => current thread )
Total: 0

Other Threads:
  0x0000025414d320f0 WorkerThread "GC Thread#0"                     [id=12720, stack(0x0000005798400000,0x0000005798500000) (1024K)]

[error occurred during error reporting (printing all threads), id 0xc0000005, EXCEPTION_ACCESS_VIOLATION (0xc0000005) at pc=0x00007fff3e9a9a80]
VM state: not at safepoint (not fully initialized)

VM Mutex/Monitor currently owned by a thread:  ([mutex/lock_event])
[0x00007fff3f2dbcb8] Heap_lock - owner thread: 0x0000025414bdeef0

Heap address: 0x0000000089600000, size: 1898 MB, Compressed Oops mode: 32-bit

CDS archive(s) mapped at: [0x0000000000000000-0x0000000000000000-0x0000000000000000), size 0, SharedBaseAddress: 0x0000000800000000, ArchiveRelocationMode: 1.
Narrow klass base: 0x0000000000000000, Narrow klass shift: 0, Narrow klass range: 0x0

GC Precious Log:
 CardTable entry size: 512
 Card Set container configuration: InlinePtr #cards 5 size 8 Array Of Cards #cards 12 size 40 Howl #buckets 4 coarsen threshold 1843 Howl Bitmap #cards 512 size 80 coarsen threshold 460 Card regions per heap region 1 cards per card region 2048

Heap:
 garbage-first heap   total reserved 1943552K, committed 0K, used 0K [0x0000000089600000, 0x0000000100000000)
  region size 1024K, 0 young (0K), 0 survivors (0K)

[error occurred during error reporting (printing heap information), id 0xc0000005, EXCEPTION_ACCESS_VIOLATION (0xc0000005) at pc=0x00007fff3edae429]
GC Heap History (0 events):
No events

Dll operation events (1 events):
Event: 0.084 Loaded shared library C:\Program Files\Java\jdk-22\bin\java.dll

Deoptimization events (0 events):
No events

Classes loaded (0 events):
No events

Classes unloaded (0 events):
No events

Classes redefined (0 events):
No events

Internal exceptions (0 events):
No events

ZGC Phase Switch (0 events):
No events

VM Operations (0 events):
No events

Events (0 events):
No events


Dynamic libraries:
0x00007ff652e40000 - 0x00007ff652e50000 	C:\Program Files\Java\jdk-22\bin\java.exe
0x00007fffa0f50000 - 0x00007fffa1148000 	C:\Windows\SYSTEM32\ntdll.dll
0x00007fff9f260000 - 0x00007fff9f322000 	C:\Windows\System32\KERNEL32.DLL
0x00007fff9e880000 - 0x00007fff9eb76000 	C:\Windows\System32\KERNELBASE.dll
0x00007fff9ee40000 - 0x00007fff9ef40000 	C:\Windows\System32\ucrtbase.dll
0x00007fff8bb00000 - 0x00007fff8bb17000 	C:\Program Files\Java\jdk-22\bin\jli.dll
0x00007fff9f460000 - 0x00007fff9f511000 	C:\Windows\System32\ADVAPI32.dll
0x00007fff9ffb0000 - 0x00007fffa004e000 	C:\Windows\System32\msvcrt.dll
0x00007fff9ff10000 - 0x00007fff9ffaf000 	C:\Windows\System32\sechost.dll
0x00007fff9f330000 - 0x00007fff9f453000 	C:\Windows\System32\RPCRT4.dll
0x00007fff9ef40000 - 0x00007fff9ef67000 	C:\Windows\System32\bcrypt.dll
0x00007fffa0cd0000 - 0x00007fffa0e6d000 	C:\Windows\System32\USER32.dll
0x00007fff9ee10000 - 0x00007fff9ee32000 	C:\Windows\System32\win32u.dll
0x00007fff9fd30000 - 0x00007fff9fd5b000 	C:\Windows\System32\GDI32.dll
0x00007fff9eb80000 - 0x00007fff9ec99000 	C:\Windows\System32\gdi32full.dll
0x00007fff9ed70000 - 0x00007fff9ee0d000 	C:\Windows\System32\msvcp_win.dll
0x00007fff8b820000 - 0x00007fff8b83b000 	C:\Program Files\Java\jdk-22\bin\VCRUNTIME140.dll
0x00007fff8b030000 - 0x00007fff8b2ca000 	C:\Windows\WinSxS\amd64_microsoft.windows.common-controls_6595b64144ccf1df_6.0.19041.5915_none_60b4b9d171f9c7c7\COMCTL32.dll
0x00007fff96e40000 - 0x00007fff96e4a000 	C:\Windows\SYSTEM32\VERSION.dll
0x00007fffa0ee0000 - 0x00007fffa0f0f000 	C:\Windows\System32\IMM32.DLL
0x00007fff8ba10000 - 0x00007fff8ba1c000 	C:\Program Files\Java\jdk-22\bin\vcruntime140_1.dll
0x00007fff3f3c0000 - 0x00007fff3f44e000 	C:\Program Files\Java\jdk-22\bin\msvcp140.dll
0x00007fff3e670000 - 0x00007fff3f3b7000 	C:\Program Files\Java\jdk-22\bin\server\jvm.dll
0x00007fff9f6a0000 - 0x00007fff9f70b000 	C:\Windows\System32\WS2_32.dll
0x00007fff9e440000 - 0x00007fff9e48b000 	C:\Windows\SYSTEM32\POWRPROF.dll
0x00007fff85c20000 - 0x00007fff85c47000 	C:\Windows\SYSTEM32\WINMM.dll
0x00007fff9e420000 - 0x00007fff9e432000 	C:\Windows\SYSTEM32\UMPDC.dll
0x00007fff9cdc0000 - 0x00007fff9cdd2000 	C:\Windows\SYSTEM32\kernel.appcore.dll
0x00007fff8eb20000 - 0x00007fff8eb2a000 	C:\Program Files\Java\jdk-22\bin\jimage.dll
0x00007fff85c50000 - 0x00007fff85e51000 	C:\Windows\SYSTEM32\DBGHELP.DLL
0x00007fff71870000 - 0x00007fff718a4000 	C:\Windows\SYSTEM32\dbgcore.DLL
0x00007fff9e5e0000 - 0x00007fff9e662000 	C:\Windows\System32\bcryptPrimitives.dll
0x00007fff8eb00000 - 0x00007fff8eb1e000 	C:\Program Files\Java\jdk-22\bin\java.dll
0x00007fffa04c0000 - 0x00007fffa0c2e000 	C:\Windows\System32\SHELL32.dll
0x00007fff9f130000 - 0x00007fff9f25b000 	C:\Windows\System32\ole32.dll
0x00007fff9f9d0000 - 0x00007fff9fd23000 	C:\Windows\System32\combase.dll

dbghelp: loaded successfully - version: 4.0.5 - missing functions: none
symbol engine: initialized successfully - sym options: 0x614 - pdb path: .;C:\Program Files\Java\jdk-22\bin;C:\Windows\SYSTEM32;C:\Windows\WinSxS\amd64_microsoft.windows.common-controls_6595b64144ccf1df_6.0.19041.5915_none_60b4b9d171f9c7c7;C:\Program Files\Java\jdk-22\bin\server

VM Arguments:
java_command: c:\Users\walid\.vscode\extensions\salesforce.salesforce-vscode-slds-2.0.12\lsp-2.0.12-executable.jar --PORT=52838
java_class_path (initial): c:\Users\walid\.vscode\extensions\salesforce.salesforce-vscode-slds-2.0.12\lsp-2.0.12-executable.jar
Launcher Type: SUN_STANDARD

[Global flags]
     intx CICompilerCount                          = 3                                         {product} {ergonomic}
     uint ConcGCThreads                            = 1                                         {product} {ergonomic}
     uint G1ConcRefinementThreads                  = 4                                         {product} {ergonomic}
   size_t G1HeapRegionSize                         = 1048576                                   {product} {ergonomic}
   size_t InitialHeapSize                          = 125829120                                 {product} {ergonomic}
   size_t MarkStackSize                            = 4194304                                   {product} {ergonomic}
   size_t MaxHeapSize                              = 1990197248                                {product} {ergonomic}
   size_t MinHeapDeltaBytes                        = 1048576                                   {product} {ergonomic}
   size_t MinHeapSize                              = 8388608                                   {product} {ergonomic}
    uintx NonNMethodCodeHeapSize                   = 5832780                                {pd product} {ergonomic}
    uintx NonProfiledCodeHeapSize                  = 122912730                              {pd product} {ergonomic}
    uintx ProfiledCodeHeapSize                     = 122912730                              {pd product} {ergonomic}
    uintx ReservedCodeCacheSize                    = 251658240                              {pd product} {ergonomic}
     bool SegmentedCodeCache                       = true                                      {product} {ergonomic}
   size_t SoftMaxHeapSize                          = 1990197248                             {manageable} {ergonomic}
     bool UseCompressedOops                        = true                           {product lp64_product} {ergonomic}
     bool UseG1GC                                  = true                                      {product} {ergonomic}
     bool UseLargePagesIndividualAllocation        = false                                  {pd product} {ergonomic}

Logging:
Log output configuration:
 #0: stdout all=warning uptime,level,tags foldmultilines=false
 #1: stderr all=off uptime,level,tags foldmultilines=false

Environment Variables:
JAVA_HOME=C:\Program Files\Java\jdk-22
PATH=C:\oracle\bin;C:\oracle\instantclient_19;C:\Program Files (x86)\VMware\VMware Workstation\bin\;C:\Program Files\Common Files\Oracle\Java\javapath;C:\oraclexe\app\oracle\product\11.2.0\server\bin;C:\Windows\system32;C:\Windows;C:\Windows\System32\Wbem;C:\Windows\System32\WindowsPowerShell\v1.0\;C:\Windows\System32\OpenSSH\;C:\Program Files (x86)\dotnet\;C:\wamp64\bin\php\php8.1.0;C:\wamp64;C:\Program Files\MongoDB\Server\6.0\bin;C:\composer;C:\Program Files (x86)\Microsoft SQL Server\160\Tools\Binn\;C:\Program Files\Microsoft SQL Server\160\Tools\Binn\;C:\Program Files\Microsoft SQL Server\Client SDK\ODBC\170\Tools\Binn\;C:\Program Files\Microsoft SQL Server\160\DTS\Binn\;C:\Program Files (x86)\Microsoft SQL Server\160\DTS\Binn\;C:\Program Files (x86)\sqlite3;C:\Program Files\Java\jdk-22\bin;C:\Program Files (x86)\apache-maven-3.9.8-bin\apache-maven-3.9.8\bin;C:\Program Files\Microsoft SQL Server\150\Tools\Binn\;C:\Program Files\dotnet\;C:\Program Files\Microsoft SQL Server\130\DTS\Binn\;C:\Program Files\Microsoft SQL Server\140\DTS\Binn\;C:\Program Files\Microsoft SQL Server\150\DTS\Binn\;C:\Users\walid\AppData\Local\Programs\Python\Python310;C:\Users\walid\AppData\Roaming\npm;C:\Users\walid\AppData\Local\Programs\Python\Python310\Scripts\;C:\xampp\php;C:\Program Files\Git\cmd;C:\Program Files\nodejs\;C:\Users\walid\AppData\Local\Microsoft\WindowsApps;C:\Users\walid\AppData\Local\Programs\Microsoft VS Code\bin;C:\Program Files\sf\bin
USERNAME=walid
OS=Windows_NT
PROCESSOR_IDENTIFIER=Intel64 Family 6 Model 78 Stepping 3, GenuineIntel
TMP=C:\Temp
TEMP=C:\Temp




Periodic native trim disabled

---------------  S Y S T E M  ---------------

OS:
 Windows 10 , 64 bit Build 19041 (10.0.19041.5915)
OS uptime: 0 days 5:58 hours
Hyper-V role detected

CPU: total 4 (initial active 4) (2 cores per cpu, 2 threads per core) family 6 model 78 stepping 3 microcode 0xcc, cx8, cmov, fxsr, ht, mmx, 3dnowpref, sse, sse2, sse3, ssse3, sse4.1, sse4.2, popcnt, lzcnt, tsc, tscinvbit, avx, avx2, aes, erms, clmul, bmi1, bmi2, rtm, adx, fma, vzeroupper, clflush, clflushopt, hv, rdtscp, f16c
Processor Information for all 4 processors :
  Max Mhz: 2496, Current Mhz: 798, Mhz Limit: 798

Memory: 4k page, system-wide physical 7591M (302M free)
TotalPageFile size 15783M (AvailPageFile size 3M)
current process WorkingSet (physical memory assigned to process): 11M, peak: 11M
current process commit charge ("private bytes"): 51M, peak: 52M

vm_info: Java HotSpot(TM) 64-Bit Server VM (22.0.1+8-16) for windows-amd64 JRE (22.0.1+8-16), built on 2024-03-12T10:33:16Z by "mach5one" with MS VC++ 17.6 (VS2022)

END.
