#
# There is insufficient memory for the Java Runtime Environment to continue.
# Native memory allocation (malloc) failed to allocate 902896 bytes. Error detail: Chunk::new
# Possible reasons:
#   The system is out of physical RAM or swap space
#   This process is running with CompressedOops enabled, and the Java Heap may be blocking the growth of the native heap
# Possible solutions:
#   Reduce memory load on the system
#   Increase physical memory or swap space
#   Check if swap backing store is full
#   Decrease Java heap size (-Xmx/-Xms)
#   Decrease number of Java threads
#   Decrease Java thread stack sizes (-Xss)
#   Set larger code cache with -XX:ReservedCodeCacheSize=
#   JVM is running with Unscaled Compressed Oops mode in which the Java heap is
#     placed in the first 4GB address space. The Java Heap base address is the
#     maximum limit for the native heap growth. Please use -XX:HeapBaseMinAddress
#     to set the Java Heap base and to place the Java Heap above 4GB virtual address.
# This output file may be truncated or incomplete.
#
#  Out of Memory Error (arena.cpp:150), pid=11708, tid=2436
#
# JRE version: Java(TM) SE Runtime Environment (22.0.1+8) (build 22.0.1+8-16)
# Java VM: Java HotSpot(TM) 64-Bit Server VM (22.0.1+8-16, mixed mode, sharing, tiered, compressed oops, compressed class ptrs, g1 gc, windows-amd64)
# No core dump will be written. Minidumps are not enabled by default on client versions of Windows
#

---------------  S U M M A R Y ------------

Command Line: c:\Users\walid\.vscode\extensions\salesforce.salesforce-vscode-slds-2.0.12\lsp-2.0.12-executable.jar --PORT=52788

Host: Intel(R) Core(TM) i5-6300U CPU @ 2.40GHz, 4 cores, 7G,  Windows 10 , 64 bit Build 19041 (10.0.19041.5915)
Time: Sat Aug  2 16:49:56 2025 Maroc (heure d64 bit Build 19041 (10.0.19041.5915) elapsed time: 29.388776 seconds (0d 0h 0m 29s)

---------------  T H R E A D  ---------------

Current thread (0x00000256c5c62700):  JavaThread "C2 CompilerThread0" daemon [_thread_in_native, id=2436, stack(0x000000f920100000,0x000000f920200000) (1024K)]


Current CompileTask:
C2:29388 5085       4       com.opencsv.bean.AbstractMappingStrategy::setFieldValue (43 bytes)

Stack: [0x000000f920100000,0x000000f920200000]
Native frames: (J=compiled Java code, j=interpreted, Vv=VM code, C=native code)
V  [jvm.dll+0x6e2279]  (no source info available)
V  [jvm.dll+0x874e33]  (no source info available)
V  [jvm.dll+0x87725e]  (no source info available)
V  [jvm.dll+0x877933]  (no source info available)
V  [jvm.dll+0x27fd76]  (no source info available)
V  [jvm.dll+0xc3d0f]  (no source info available)
V  [jvm.dll+0xc3f6b]  (no source info available)
V  [jvm.dll+0x3bb10c]  (no source info available)
V  [jvm.dll+0x387b6b]  (no source info available)
V  [jvm.dll+0x386fda]  (no source info available)
V  [jvm.dll+0x247918]  (no source info available)
V  [jvm.dll+0x246fbf]  (no source info available)
V  [jvm.dll+0x1c4e90]  (no source info available)
V  [jvm.dll+0x2569fe]  (no source info available)
V  [jvm.dll+0x254cba]  (no source info available)
V  [jvm.dll+0x3f5336]  (no source info available)
V  [jvm.dll+0x81d44b]  (no source info available)
V  [jvm.dll+0x6e0915]  (no source info available)
C  [ucrtbase.dll+0x21bb2]  (no source info available)
C  [KERNEL32.DLL+0x17374]  (no source info available)
C  [ntdll.dll+0x4cc91]  (no source info available)


---------------  P R O C E S S  ---------------

Threads class SMR info:
_java_thread_list=0x000002570c281670, length=13, elements={
0x00000256c5c5ce00, 0x00000256c5c5dcd0, 0x00000256c5c5fa50, 0x00000256c5c604b0,
0x00000256c5c60f10, 0x00000256c5c61970, 0x00000256c5c62700, 0x00000256c5c665f0,
0x000002570b0d3e70, 0x000002570b0d9180, 0x000002570b29fa90, 0x000002570d0b8040,
0x000002570d030ac0
}

Java Threads: ( => current thread )
  0x00000256c5c5ce00 JavaThread "Reference Handler"          daemon [_thread_blocked, id=1300, stack(0x000000f91fb00000,0x000000f91fc00000) (1024K)]
  0x00000256c5c5dcd0 JavaThread "Finalizer"                  daemon [_thread_blocked, id=15296, stack(0x000000f91fc00000,0x000000f91fd00000) (1024K)]
  0x00000256c5c5fa50 JavaThread "Signal Dispatcher"          daemon [_thread_blocked, id=3980, stack(0x000000f91fd00000,0x000000f91fe00000) (1024K)]
  0x00000256c5c604b0 JavaThread "Attach Listener"            daemon [_thread_blocked, id=10040, stack(0x000000f91fe00000,0x000000f91ff00000) (1024K)]
  0x00000256c5c60f10 JavaThread "Service Thread"             daemon [_thread_blocked, id=416, stack(0x000000f91ff00000,0x000000f920000000) (1024K)]
  0x00000256c5c61970 JavaThread "Monitor Deflation Thread"   daemon [_thread_blocked, id=4276, stack(0x000000f920000000,0x000000f920100000) (1024K)]
=>0x00000256c5c62700 JavaThread "C2 CompilerThread0"         daemon [_thread_in_native, id=2436, stack(0x000000f920100000,0x000000f920200000) (1024K)]
  0x00000256c5c665f0 JavaThread "C1 CompilerThread0"         daemon [_thread_blocked, id=14652, stack(0x000000f920200000,0x000000f920300000) (1024K)]
  0x000002570b0d3e70 JavaThread "Notification Thread"        daemon [_thread_blocked, id=16308, stack(0x000000f920300000,0x000000f920400000) (1024K)]
  0x000002570b0d9180 JavaThread "Common-Cleaner"             daemon [_thread_blocked, id=16076, stack(0x000000f920400000,0x000000f920500000) (1024K)]
  0x000002570b29fa90 JavaThread "Cleaner-0"                  daemon [_thread_blocked, id=952, stack(0x000000f920500000,0x000000f920600000) (1024K)]
  0x000002570d0b8040 JavaThread "pool-1-thread-1"                   [_thread_in_native, id=12116, stack(0x000000f920900000,0x000000f920a00000) (1024K)]
  0x000002570d030ac0 JavaThread "DestroyJavaVM"                     [_thread_blocked, id=4624, stack(0x000000f91f300000,0x000000f91f400000) (1024K)]
Total: 13

Other Threads:
  0x00000256c5c43550 VMThread "VM Thread"                           [id=15444, stack(0x000000f91fa00000,0x000000f91fb00000) (1024K)]
  0x00000256c5c2a220 WatcherThread "VM Periodic Task Thread"        [id=15096, stack(0x000000f91f900000,0x000000f91fa00000) (1024K)]
  0x00000256a9f82390 WorkerThread "GC Thread#0"                     [id=7068, stack(0x000000f91f400000,0x000000f91f500000) (1024K)]
  0x000002570b52de20 WorkerThread "GC Thread#1"                     [id=10708, stack(0x000000f920600000,0x000000f920700000) (1024K)]
  0x000002570b948ad0 WorkerThread "GC Thread#2"                     [id=10000, stack(0x000000f920700000,0x000000f920800000) (1024K)]
  0x000002570b94a710 WorkerThread "GC Thread#3"                     [id=12892, stack(0x000000f920800000,0x000000f920900000) (1024K)]
  0x00000256a9f920c0 ConcurrentGCThread "G1 Main Marker"            [id=11812, stack(0x000000f91f500000,0x000000f91f600000) (1024K)]
  0x00000256a9f92bd0 WorkerThread "G1 Conc#0"                       [id=15920, stack(0x000000f91f600000,0x000000f91f700000) (1024K)]
  0x00000256c5b010b0 ConcurrentGCThread "G1 Refine#0"               [id=8632, stack(0x000000f91f700000,0x000000f91f800000) (1024K)]
  0x00000256a9ff7f90 ConcurrentGCThread "G1 Service"                [id=2648, stack(0x000000f91f800000,0x000000f91f900000) (1024K)]
Total: 10

Threads with active compile tasks:
C2 CompilerThread0  29601 5085       4       com.opencsv.bean.AbstractMappingStrategy::setFieldValue (43 bytes)
Total: 1

VM state: not at safepoint (normal execution)

VM Mutex/Monitor currently owned by a thread: None

Heap address: 0x0000000089600000, size: 1898 MB, Compressed Oops mode: 32-bit

CDS archive(s) mapped at: [0x00000256c6000000-0x00000256c6c60000-0x00000256c6c60000), size 12976128, SharedBaseAddress: 0x00000256c6000000, ArchiveRelocationMode: 1.
Compressed class space mapped at: 0x00000256c7000000-0x0000025707000000, reserved size: 1073741824
Narrow klass base: 0x00000256c6000000, Narrow klass shift: 0, Narrow klass range: 0x41000000

GC Precious Log:
 CardTable entry size: 512
 Card Set container configuration: InlinePtr #cards 5 size 8 Array Of Cards #cards 12 size 40 Howl #buckets 4 coarsen threshold 1843 Howl Bitmap #cards 512 size 80 coarsen threshold 460 Card regions per heap region 1 cards per card region 2048
 CPUs: 4 total, 4 available
 Memory: 7591M
 Large Page Support: Disabled
 NUMA Support: Disabled
 Compressed Oops: Enabled (32-bit)
 Heap Region Size: 1M
 Heap Min Capacity: 8M
 Heap Initial Capacity: 120M
 Heap Max Capacity: 1898M
 Pre-touch: Disabled
 Parallel Workers: 4
 Concurrent Workers: 1
 Concurrent Refinement Workers: 4
 Periodic GC: Disabled

Heap:
 garbage-first heap   total reserved 1943552K, committed 39936K, used 16377K [0x0000000089600000, 0x0000000100000000)
  region size 1024K, 4 young (4096K), 2 survivors (2048K)
 Metaspace       used 27205K, committed 27712K, reserved 1114112K
  class space    used 3332K, committed 3584K, reserved 1048576K

Heap Regions: E=young(eden), S=young(survivor), O=old, HS=humongous(starts), HC=humongous(continues), CS=collection set, F=free, TAMS=top-at-mark-start, PB=parsable bottom
|   0|0x0000000089600000, 0x0000000089700000, 0x0000000089700000|100%| O|  |TAMS 0x0000000089600000| PB 0x0000000089600000| Untracked |  0
|   1|0x0000000089700000, 0x0000000089800000, 0x0000000089800000|100%| O|  |TAMS 0x0000000089700000| PB 0x0000000089700000| Untracked |  0
|   2|0x0000000089800000, 0x0000000089900000, 0x0000000089900000|100%| O|  |TAMS 0x0000000089800000| PB 0x0000000089800000| Untracked |  0
|   3|0x0000000089900000, 0x0000000089a00000, 0x0000000089a00000|100%| O|  |TAMS 0x0000000089900000| PB 0x0000000089900000| Untracked |  0
|   4|0x0000000089a00000, 0x0000000089b00000, 0x0000000089b00000|100%| O|  |TAMS 0x0000000089a00000| PB 0x0000000089a00000| Untracked |  0
|   5|0x0000000089b00000, 0x0000000089c00000, 0x0000000089c00000|100%| O|  |TAMS 0x0000000089b00000| PB 0x0000000089b00000| Untracked |  0
|   6|0x0000000089c00000, 0x0000000089d00000, 0x0000000089d00000|100%| O|  |TAMS 0x0000000089c00000| PB 0x0000000089c00000| Untracked |  0
|   7|0x0000000089d00000, 0x0000000089e00000, 0x0000000089e00000|100%| O|  |TAMS 0x0000000089d00000| PB 0x0000000089d00000| Untracked |  0
|   8|0x0000000089e00000, 0x0000000089f00000, 0x0000000089f00000|100%| O|  |TAMS 0x0000000089e00000| PB 0x0000000089e00000| Untracked |  0
|   9|0x0000000089f00000, 0x000000008a000000, 0x000000008a000000|100%| O|  |TAMS 0x0000000089f00000| PB 0x0000000089f00000| Untracked |  0
|  10|0x000000008a000000, 0x000000008a100000, 0x000000008a100000|100%| O|  |TAMS 0x000000008a000000| PB 0x000000008a000000| Untracked |  0
|  11|0x000000008a100000, 0x000000008a200000, 0x000000008a200000|100%| O|  |TAMS 0x000000008a100000| PB 0x000000008a100000| Untracked |  0
|  12|0x000000008a200000, 0x000000008a300000, 0x000000008a300000|100%| O|  |TAMS 0x000000008a200000| PB 0x000000008a200000| Untracked |  0
|  13|0x000000008a300000, 0x000000008a300000, 0x000000008a400000|  0%| F|  |TAMS 0x000000008a300000| PB 0x000000008a300000| Untracked |  0
|  14|0x000000008a400000, 0x000000008a4674e0, 0x000000008a500000| 40%| O|  |TAMS 0x000000008a400000| PB 0x000000008a400000| Untracked |  0
|  15|0x000000008a500000, 0x000000008a500000, 0x000000008a600000|  0%| F|  |TAMS 0x000000008a500000| PB 0x000000008a500000| Untracked |  0
|  16|0x000000008a600000, 0x000000008a600000, 0x000000008a700000|  0%| F|  |TAMS 0x000000008a600000| PB 0x000000008a600000| Untracked |  0
|  17|0x000000008a700000, 0x000000008a700000, 0x000000008a800000|  0%| F|  |TAMS 0x000000008a700000| PB 0x000000008a700000| Untracked |  0
|  18|0x000000008a800000, 0x000000008a896fa0, 0x000000008a900000| 58%| S|CS|TAMS 0x000000008a800000| PB 0x000000008a800000| Complete |  0
|  19|0x000000008a900000, 0x000000008aa00000, 0x000000008aa00000|100%| S|CS|TAMS 0x000000008a900000| PB 0x000000008a900000| Complete |  0
|  20|0x000000008aa00000, 0x000000008aa00000, 0x000000008ab00000|  0%| F|  |TAMS 0x000000008aa00000| PB 0x000000008aa00000| Untracked |  0
|  21|0x000000008ab00000, 0x000000008ab00000, 0x000000008ac00000|  0%| F|  |TAMS 0x000000008ab00000| PB 0x000000008ab00000| Untracked |  0
|  22|0x000000008ac00000, 0x000000008ac00000, 0x000000008ad00000|  0%| F|  |TAMS 0x000000008ac00000| PB 0x000000008ac00000| Untracked |  0
|  23|0x000000008ad00000, 0x000000008ad00000, 0x000000008ae00000|  0%| F|  |TAMS 0x000000008ad00000| PB 0x000000008ad00000| Untracked |  0
|  24|0x000000008ae00000, 0x000000008ae00000, 0x000000008af00000|  0%| F|  |TAMS 0x000000008ae00000| PB 0x000000008ae00000| Untracked |  0
|  25|0x000000008af00000, 0x000000008af00000, 0x000000008b000000|  0%| F|  |TAMS 0x000000008af00000| PB 0x000000008af00000| Untracked |  0
|  26|0x000000008b000000, 0x000000008b000000, 0x000000008b100000|  0%| F|  |TAMS 0x000000008b000000| PB 0x000000008b000000| Untracked |  0
|  27|0x000000008b100000, 0x000000008b100000, 0x000000008b200000|  0%| F|  |TAMS 0x000000008b100000| PB 0x000000008b100000| Untracked |  0
|  28|0x000000008b200000, 0x000000008b200000, 0x000000008b300000|  0%| F|  |TAMS 0x000000008b200000| PB 0x000000008b200000| Untracked |  0
|  29|0x000000008b300000, 0x000000008b300000, 0x000000008b400000|  0%| F|  |TAMS 0x000000008b300000| PB 0x000000008b300000| Untracked |  0
|  30|0x000000008b400000, 0x000000008b400000, 0x000000008b500000|  0%| F|  |TAMS 0x000000008b400000| PB 0x000000008b400000| Untracked |  0
|  31|0x000000008b500000, 0x000000008b500000, 0x000000008b600000|  0%| F|  |TAMS 0x000000008b500000| PB 0x000000008b500000| Untracked |  0
|  32|0x000000008b600000, 0x000000008b600000, 0x000000008b700000|  0%| F|  |TAMS 0x000000008b600000| PB 0x000000008b600000| Untracked |  0
|  33|0x000000008b700000, 0x000000008b700000, 0x000000008b800000|  0%| F|  |TAMS 0x000000008b700000| PB 0x000000008b700000| Untracked |  0
|  34|0x000000008b800000, 0x000000008b800000, 0x000000008b900000|  0%| F|  |TAMS 0x000000008b800000| PB 0x000000008b800000| Untracked |  0
| 111|0x0000000090500000, 0x0000000090500000, 0x0000000090600000|  0%| F|  |TAMS 0x0000000090500000| PB 0x0000000090500000| Untracked |  0
| 112|0x0000000090600000, 0x0000000090600000, 0x0000000090700000|  0%| F|  |TAMS 0x0000000090600000| PB 0x0000000090600000| Untracked |  0
| 113|0x0000000090700000, 0x00000000907bf5b0, 0x0000000090800000| 74%| E|  |TAMS 0x0000000090700000| PB 0x0000000090700000| Complete |  0
| 114|0x0000000090800000, 0x0000000090900000, 0x0000000090900000|100%| E|CS|TAMS 0x0000000090800000| PB 0x0000000090800000| Complete |  0

Card table byte_map: [0x00000256c1640000,0x00000256c1a00000] _byte_map_base: 0x00000256c11f5000

Marking Bits: (CMBitMap*) 0x00000256a9f82aa0
 Bits: [0x00000256c1a00000, 0x00000256c37a8000)

Polling page: 0x00000256a7f30000

Metaspace:

Usage:
  Non-class:     23.31 MB used.
      Class:      3.25 MB used.
       Both:     26.57 MB used.

Virtual space:
  Non-class space:       64.00 MB reserved,      23.56 MB ( 37%) committed,  1 nodes.
      Class space:        1.00 GB reserved,       3.50 MB ( <1%) committed,  1 nodes.
             Both:        1.06 GB reserved,      27.06 MB (  2%) committed. 

Chunk freelists:
   Non-Class:  8.00 MB
       Class:  12.48 MB
        Both:  20.48 MB

MaxMetaspaceSize: unlimited
CompressedClassSpaceSize: 1.00 GB
Initial GC threshold: 21.00 MB
Current GC threshold: 35.12 MB
CDS: on
 - commit_granule_bytes: 65536.
 - commit_granule_words: 8192.
 - virtual_space_node_default_size: 8388608.
 - enlarge_chunks_in_place: 1.
 - use_allocation_guard: 0.


Internal statistics:

num_allocs_failed_limit: 3.
num_arena_births: 658.
num_arena_deaths: 0.
num_vsnodes_births: 2.
num_vsnodes_deaths: 0.
num_space_committed: 433.
num_space_uncommitted: 0.
num_chunks_returned_to_freelist: 3.
num_chunks_taken_from_freelist: 1666.
num_chunk_merges: 3.
num_chunk_splits: 1122.
num_chunks_enlarged: 801.
num_inconsistent_stats: 0.

CodeHeap 'non-profiled nmethods': size=120000Kb used=2888Kb max_used=2888Kb free=117111Kb
 bounds [0x00000256b9d50000, 0x00000256ba030000, 0x00000256c1280000]
CodeHeap 'profiled nmethods': size=120000Kb used=10628Kb max_used=10628Kb free=109371Kb
 bounds [0x00000256b2280000, 0x00000256b2cf0000, 0x00000256b97b0000]
CodeHeap 'non-nmethods': size=5760Kb used=1543Kb max_used=1631Kb free=4216Kb
 bounds [0x00000256b97b0000, 0x00000256b9a20000, 0x00000256b9d50000]
 total_blobs=5888 nmethods=5277 adapters=515
 compilation: enabled
              stopped_count=0, restarted_count=0
 full_count=0

Compilation events (20 events):
Event: 29.121 Thread 0x00000256c5c62700 nmethod 5063 0x00000256ba01b190 code [0x00000256ba01b340, 0x00000256ba01b4e8]
Event: 29.121 Thread 0x00000256c5c62700 5064       4       org.apache.commons.logging.LogAdapter$Slf4jLog::isDebugEnabled (10 bytes)
Event: 29.124 Thread 0x00000256c5c62700 nmethod 5064 0x00000256ba01b710 code [0x00000256ba01b8c0, 0x00000256ba01baa0]
Event: 29.124 Thread 0x00000256c5c62700 5060       4       sun.reflect.annotation.AnnotationSupport::getDirectlyAndIndirectlyPresent (117 bytes)
Event: 29.174 Thread 0x00000256c5c62700 nmethod 5060 0x00000256ba01bd10 code [0x00000256ba01bfe0, 0x00000256ba01d5c8]
Event: 29.174 Thread 0x00000256c5c62700 5061       4       sun.reflect.annotation.AnnotationSupport::getIndirectlyPresent (60 bytes)
Event: 29.193 Thread 0x00000256c5c62700 nmethod 5061 0x00000256ba01e210 code [0x00000256ba01e440, 0x00000256ba01ea40]
Event: 29.193 Thread 0x00000256c5c62700 5214       4       java.util.Comparator$$Lambda/0x00000256c70e25c0::compare (10 bytes)
Event: 29.204 Thread 0x00000256c5c62700 nmethod 5214 0x00000256ba01ef10 code [0x00000256ba01f100, 0x00000256ba01f650]
Event: 29.204 Thread 0x00000256c5c62700 5050       4       java.util.concurrent.locks.ReentrantLock$Sync::isHeldExclusively (16 bytes)
Event: 29.205 Thread 0x00000256c5c62700 nmethod 5050 0x00000256ba01f990 code [0x00000256ba01fb00, 0x00000256ba01fbc0]
Event: 29.205 Thread 0x00000256c5c62700 5106       4       java.lang.Thread::interrupted (7 bytes)
Event: 29.206 Thread 0x00000256c5c62700 nmethod 5106 0x00000256ba01fc90 code [0x00000256ba01fe20, 0x00000256ba01fed8]
Event: 29.206 Thread 0x00000256c5c62700 5059       4       java.lang.reflect.AccessibleObject::checkAccess (40 bytes)
Event: 29.210 Thread 0x00000256c5c62700 nmethod 5059 0x00000256ba01ff90 code [0x00000256ba020120, 0x00000256ba0202e0]
Event: 29.210 Thread 0x00000256c5c62700 5051       4       java.util.stream.AbstractPipeline::sourceSpliterator (262 bytes)
Event: 29.213 Thread 0x00000256c5c62700 nmethod 5051 0x00000256ba020490 code [0x00000256ba020620, 0x00000256ba020798]
Event: 29.213 Thread 0x00000256c5c62700 5084   !   4       com.opencsv.bean.AbstractBeanField::assignValueToField (79 bytes)
Event: 29.238 Thread 0x00000256c5c62700 nmethod 5084 0x00000256ba020890 code [0x00000256ba020b20, 0x00000256ba021490]
Event: 29.238 Thread 0x00000256c5c62700 5085       4       com.opencsv.bean.AbstractMappingStrategy::setFieldValue (43 bytes)

GC Heap History (20 events):
Event: 3.051 GC heap before
{Heap before GC invocations=0 (full 0):
 garbage-first heap   total reserved 1943552K, committed 122880K, used 14336K [0x0000000089600000, 0x0000000100000000)
  region size 1024K, 14 young (14336K), 0 survivors (0K)
 Metaspace       used 1857K, committed 2176K, reserved 1114112K
  class space    used 185K, committed 320K, reserved 1048576K
}
Event: 3.285 GC heap after
{Heap after GC invocations=1 (full 0):
 garbage-first heap   total reserved 1943552K, committed 122880K, used 2048K [0x0000000089600000, 0x0000000100000000)
  region size 1024K, 2 young (2048K), 2 survivors (2048K)
 Metaspace       used 1857K, committed 2176K, reserved 1114112K
  class space    used 185K, committed 320K, reserved 1048576K
}
Event: 6.872 GC heap before
{Heap before GC invocations=1 (full 0):
 garbage-first heap   total reserved 1943552K, committed 122880K, used 21504K [0x0000000089600000, 0x0000000100000000)
  region size 1024K, 21 young (21504K), 2 survivors (2048K)
 Metaspace       used 4959K, committed 5248K, reserved 1114112K
  class space    used 565K, committed 704K, reserved 1048576K
}
Event: 6.882 GC heap after
{Heap after GC invocations=2 (full 0):
 garbage-first heap   total reserved 1943552K, committed 122880K, used 2983K [0x0000000089600000, 0x0000000100000000)
  region size 1024K, 1 young (1024K), 1 survivors (1024K)
 Metaspace       used 4959K, committed 5248K, reserved 1114112K
  class space    used 565K, committed 704K, reserved 1048576K
}
Event: 15.106 GC heap before
{Heap before GC invocations=2 (full 0):
 garbage-first heap   total reserved 1943552K, committed 122880K, used 74663K [0x0000000089600000, 0x0000000100000000)
  region size 1024K, 72 young (73728K), 1 survivors (1024K)
 Metaspace       used 12914K, committed 13248K, reserved 1114112K
  class space    used 1629K, committed 1792K, reserved 1048576K
}
Event: 15.124 GC heap after
{Heap after GC invocations=3 (full 0):
 garbage-first heap   total reserved 1943552K, committed 122880K, used 5973K [0x0000000089600000, 0x0000000100000000)
  region size 1024K, 4 young (4096K), 4 survivors (4096K)
 Metaspace       used 12914K, committed 13248K, reserved 1114112K
  class space    used 1629K, committed 1792K, reserved 1048576K
}
Event: 21.609 GC heap before
{Heap before GC invocations=3 (full 0):
 garbage-first heap   total reserved 1943552K, committed 122880K, used 75605K [0x0000000089600000, 0x0000000100000000)
  region size 1024K, 72 young (73728K), 4 survivors (4096K)
 Metaspace       used 20381K, committed 20800K, reserved 1114112K
  class space    used 2484K, committed 2688K, reserved 1048576K
}
Event: 21.633 GC heap after
{Heap after GC invocations=4 (full 0):
 garbage-first heap   total reserved 1943552K, committed 122880K, used 9127K [0x0000000089600000, 0x0000000100000000)
  region size 1024K, 7 young (7168K), 7 survivors (7168K)
 Metaspace       used 20381K, committed 20800K, reserved 1114112K
  class space    used 2484K, committed 2688K, reserved 1048576K
}
Event: 22.254 GC heap before
{Heap before GC invocations=4 (full 0):
 garbage-first heap   total reserved 1943552K, committed 122880K, used 13223K [0x0000000089600000, 0x0000000100000000)
  region size 1024K, 12 young (12288K), 7 survivors (7168K)
 Metaspace       used 21087K, committed 21504K, reserved 1114112K
  class space    used 2551K, committed 2752K, reserved 1048576K
}
Event: 22.273 GC heap after
{Heap after GC invocations=5 (full 0):
 garbage-first heap   total reserved 1943552K, committed 122880K, used 9113K [0x0000000089600000, 0x0000000100000000)
  region size 1024K, 4 young (4096K), 4 survivors (4096K)
 Metaspace       used 21087K, committed 21504K, reserved 1114112K
  class space    used 2551K, committed 2752K, reserved 1048576K
}
Event: 23.739 GC heap before
{Heap before GC invocations=6 (full 0):
 garbage-first heap   total reserved 1943552K, committed 34816K, used 33689K [0x0000000089600000, 0x0000000100000000)
  region size 1024K, 28 young (28672K), 4 survivors (4096K)
 Metaspace       used 22090K, committed 22464K, reserved 1114112K
  class space    used 2663K, committed 2816K, reserved 1048576K
}
Event: 23.756 GC heap after
{Heap after GC invocations=7 (full 0):
 garbage-first heap   total reserved 1943552K, committed 39936K, used 10649K [0x0000000089600000, 0x0000000100000000)
  region size 1024K, 5 young (5120K), 5 survivors (5120K)
 Metaspace       used 22090K, committed 22464K, reserved 1114112K
  class space    used 2663K, committed 2816K, reserved 1048576K
}
Event: 23.946 GC heap before
{Heap before GC invocations=7 (full 0):
 garbage-first heap   total reserved 1943552K, committed 39936K, used 29081K [0x0000000089600000, 0x0000000100000000)
  region size 1024K, 23 young (23552K), 5 survivors (5120K)
 Metaspace       used 22090K, committed 22464K, reserved 1114112K
  class space    used 2663K, committed 2816K, reserved 1048576K
}
Event: 23.960 GC heap after
{Heap after GC invocations=8 (full 0):
 garbage-first heap   total reserved 1943552K, committed 39936K, used 11407K [0x0000000089600000, 0x0000000100000000)
  region size 1024K, 1 young (1024K), 1 survivors (1024K)
 Metaspace       used 22090K, committed 22464K, reserved 1114112K
  class space    used 2663K, committed 2816K, reserved 1048576K
}
Event: 25.361 GC heap before
{Heap before GC invocations=8 (full 0):
 garbage-first heap   total reserved 1943552K, committed 39936K, used 32911K [0x0000000089600000, 0x0000000100000000)
  region size 1024K, 23 young (23552K), 1 survivors (1024K)
 Metaspace       used 24818K, committed 25216K, reserved 1114112K
  class space    used 3012K, committed 3200K, reserved 1048576K
}
Event: 25.366 GC heap after
{Heap after GC invocations=9 (full 0):
 garbage-first heap   total reserved 1943552K, committed 39936K, used 11697K [0x0000000089600000, 0x0000000100000000)
  region size 1024K, 2 young (2048K), 2 survivors (2048K)
 Metaspace       used 24818K, committed 25216K, reserved 1114112K
  class space    used 3012K, committed 3200K, reserved 1048576K
}
Event: 26.991 GC heap before
{Heap before GC invocations=9 (full 0):
 garbage-first heap   total reserved 1943552K, committed 39936K, used 33201K [0x0000000089600000, 0x0000000100000000)
  region size 1024K, 23 young (23552K), 2 survivors (2048K)
 Metaspace       used 25939K, committed 26368K, reserved 1114112K
  class space    used 3136K, committed 3328K, reserved 1048576K
}
Event: 26.997 GC heap after
{Heap after GC invocations=10 (full 0):
 garbage-first heap   total reserved 1943552K, committed 39936K, used 13672K [0x0000000089600000, 0x0000000100000000)
  region size 1024K, 3 young (3072K), 3 survivors (3072K)
 Metaspace       used 25939K, committed 26368K, reserved 1114112K
  class space    used 3136K, committed 3328K, reserved 1048576K
}
Event: 28.606 GC heap before
{Heap before GC invocations=10 (full 0):
 garbage-first heap   total reserved 1943552K, committed 39936K, used 33128K [0x0000000089600000, 0x0000000100000000)
  region size 1024K, 22 young (22528K), 3 survivors (3072K)
 Metaspace       used 26819K, committed 27264K, reserved 1114112K
  class space    used 3267K, committed 3456K, reserved 1048576K
}
Event: 28.615 GC heap after
{Heap after GC invocations=11 (full 0):
 garbage-first heap   total reserved 1943552K, committed 39936K, used 15353K [0x0000000089600000, 0x0000000100000000)
  region size 1024K, 2 young (2048K), 2 survivors (2048K)
 Metaspace       used 26819K, committed 27264K, reserved 1114112K
  class space    used 3267K, committed 3456K, reserved 1048576K
}

Dll operation events (11 events):
Event: 0.016 Loaded shared library C:\Program Files\Java\jdk-22\bin\java.dll
Event: 0.152 Loaded shared library C:\Program Files\Java\jdk-22\bin\jsvml.dll
Event: 0.243 Loaded shared library C:\Program Files\Java\jdk-22\bin\net.dll
Event: 0.252 Loaded shared library C:\Program Files\Java\jdk-22\bin\nio.dll
Event: 0.264 Loaded shared library C:\Program Files\Java\jdk-22\bin\zip.dll
Event: 0.478 Loaded shared library C:\Program Files\Java\jdk-22\bin\jimage.dll
Event: 3.424 Loaded shared library C:\Program Files\Java\jdk-22\bin\verify.dll
Event: 11.976 Loaded shared library C:\Program Files\Java\jdk-22\bin\le.dll
Event: 24.413 Loaded shared library C:\Program Files\Java\jdk-22\bin\extnet.dll
Event: 29.007 Loaded shared library C:\Program Files\Java\jdk-22\bin\management.dll
Event: 29.031 Loaded shared library C:\Program Files\Java\jdk-22\bin\management_ext.dll

Deoptimization events (20 events):
Event: 27.925 Thread 0x000002570d031e70 DEOPT PACKING pc=0x00000256b9de3ad0 sp=0x000000f920cfe780
Event: 27.925 Thread 0x000002570d031e70 DEOPT UNPACKING pc=0x00000256b98046a2 sp=0x000000f920cfe710 mode 2
Event: 27.925 Thread 0x000002570d030430 Uncommon trap: trap_request=0xffffff45 fr.pc=0x00000256b9e88af8 relative=0x0000000000000258
Event: 27.925 Thread 0x000002570d02f710 DEOPT PACKING pc=0x00000256b9ed1d44 sp=0x000000f920bfe9d0
Event: 27.925 Thread 0x000002570d02f710 DEOPT UNPACKING pc=0x00000256b98046a2 sp=0x000000f920bfe950 mode 2
Event: 27.925 Thread 0x000002570d030430 Uncommon trap: reason=unstable_if action=reinterpret pc=0x00000256b9e88af8 method=java.lang.String.startsWith(Ljava/lang/String;I)Z @ 50 c2
Event: 27.925 Thread 0x000002570d02f710 Uncommon trap: trap_request=0xffffff45 fr.pc=0x00000256b9de2b0c relative=0x00000000000001ec
Event: 27.925 Thread 0x000002570d02f710 Uncommon trap: reason=unstable_if action=reinterpret pc=0x00000256b9de2b0c method=java.lang.String.startsWith(Ljava/lang/String;I)Z @ 50 c2
Event: 27.925 Thread 0x000002570d030430 DEOPT PACKING pc=0x00000256b9e88af8 sp=0x000000f920dfed30
Event: 27.925 Thread 0x000002570d030430 DEOPT UNPACKING pc=0x00000256b98046a2 sp=0x000000f920dfecb8 mode 2
Event: 27.926 Thread 0x000002570d02f710 DEOPT PACKING pc=0x00000256b9de2b0c sp=0x000000f920bfe600
Event: 27.926 Thread 0x000002570d02f710 DEOPT UNPACKING pc=0x00000256b98046a2 sp=0x000000f920bfe530 mode 2
Event: 28.476 Thread 0x00000256a7d2fa10 Uncommon trap: trap_request=0x00000076 fr.pc=0x00000256b9f9414c relative=0x000000000000058c
Event: 28.476 Thread 0x00000256a7d2fa10 Uncommon trap: reason=unloaded action=reinterpret pc=0x00000256b9f9414c method=jdk.internal.reflect.DirectMethodHandleAccessor.invokeImpl(Ljava/lang/Object;[Ljava/lang/Object;)Ljava/lang/Object; @ 104 c2
Event: 28.476 Thread 0x00000256a7d2fa10 DEOPT PACKING pc=0x00000256b9f9414c sp=0x000000f91f3fe2b0
Event: 28.476 Thread 0x00000256a7d2fa10 DEOPT UNPACKING pc=0x00000256b98046a2 sp=0x000000f91f3fe160 mode 2
Event: 28.652 Thread 0x00000256a7d2fa10 Uncommon trap: trap_request=0xffffff45 fr.pc=0x00000256b9e25090 relative=0x0000000000000070
Event: 28.653 Thread 0x00000256a7d2fa10 Uncommon trap: reason=unstable_if action=reinterpret pc=0x00000256b9e25090 method=org.springframework.util.ConcurrentReferenceHashMap$Segment.clear()V @ 7 c2
Event: 28.653 Thread 0x00000256a7d2fa10 DEOPT PACKING pc=0x00000256b9e25090 sp=0x000000f91f3fec40
Event: 28.653 Thread 0x00000256a7d2fa10 DEOPT UNPACKING pc=0x00000256b98046a2 sp=0x000000f91f3febd0 mode 2

Classes loaded (20 events):
Event: 29.044 Loading class java/lang/management/DefaultPlatformMBeanProvider$11
Event: 29.044 Loading class java/lang/management/DefaultPlatformMBeanProvider$11 done
Event: 29.044 Loading class jdk/management/jfr/FlightRecorderMXBean
Event: 29.044 Loading class jdk/management/jfr/FlightRecorderMXBean done
Event: 29.044 Loading class jdk/management/jfr/internal/FlightRecorderMXBeanProvider$SingleMBeanComponent
Event: 29.044 Loading class jdk/management/jfr/internal/FlightRecorderMXBeanProvider$SingleMBeanComponent done
Event: 29.045 Loading class java/util/stream/ReduceOps$2
Event: 29.046 Loading class java/util/stream/ReduceOps$2 done
Event: 29.047 Loading class java/util/stream/ReduceOps$2ReducingSink
Event: 29.047 Loading class java/util/stream/ReduceOps$2ReducingSink done
Event: 29.048 Loading class sun/management/RuntimeImpl
Event: 29.048 Loading class sun/management/RuntimeImpl done
Event: 29.049 Loading class java/util/Collections$2
Event: 29.049 Loading class java/util/Collections$2 done
Event: 29.058 Loading class java/util/IdentityHashMap$KeySpliterator
Event: 29.058 Loading class java/util/IdentityHashMap$IdentityHashMapSpliterator
Event: 29.059 Loading class java/util/IdentityHashMap$IdentityHashMapSpliterator done
Event: 29.059 Loading class java/util/IdentityHashMap$KeySpliterator done
Event: 29.059 Loading class java/util/stream/SortedOps$SizedRefSortingSink
Event: 29.060 Loading class java/util/stream/SortedOps$SizedRefSortingSink done

Classes unloaded (0 events):
No events

Classes redefined (0 events):
No events

Internal exceptions (20 events):
Event: 26.352 Thread 0x00000256a7d2fa10 Exception <a 'java/lang/NoSuchMethodError'{0x000000008b3ea598}: 'float java.lang.invoke.DelegatingMethodHandle$Holder.reinvoke_L(java.lang.Object, java.lang.Object, int)'> (0x000000008b3ea598) 
thrown [s\open\src\hotspot\share\interpreter\linkResolver.cpp, line 774]
Event: 26.353 Thread 0x00000256a7d2fa10 Exception <a 'java/lang/NoSuchMethodError'{0x000000008b3f4580}: 'void java.lang.invoke.DelegatingMethodHandle$Holder.reinvoke_L(java.lang.Object, java.lang.Object, float)'> (0x000000008b3f4580) 
thrown [s\open\src\hotspot\share\interpreter\linkResolver.cpp, line 774]
Event: 26.356 Thread 0x00000256a7d2fa10 Exception <a 'java/lang/ClassNotFoundException'{0x000000008b21c118}: com/salesforce/slds/shared/converters/colors/ColorConfig$StaticMappingBeanInfo> (0x000000008b21c118) 
thrown [s\open\src\hotspot\share\classfile\systemDictionary.cpp, line 313]
Event: 26.357 Thread 0x00000256a7d2fa10 Exception <a 'java/lang/ClassNotFoundException'{0x000000008b2336c0}: com/salesforce/slds/shared/converters/colors/ColorConfig$StaticMappingCustomizer> (0x000000008b2336c0) 
thrown [s\open\src\hotspot\share\classfile\systemDictionary.cpp, line 313]
Event: 26.503 Thread 0x00000256a7d2fa10 Exception <a 'java/lang/NoSuchMethodError'{0x000000008b1e3b00}: 'java.lang.Object java.lang.invoke.DirectMethodHandle$Holder.newInvokeSpecial(java.lang.Object, java.lang.Object, java.lang.Object, java.lang.Object, java.lang.Object, java.lang.Object)'> (0x000000008b1e3b00) 
thrown [s\open\src\hotspot\share\interpreter\linkResolver.cpp, line 774]
Event: 26.717 Thread 0x00000256a7d2fa10 Exception <a 'java/lang/ClassNotFoundException'{0x000000008ad74048}: com/salesforce/slds/validation/validators/models/PropertiesBeanInfo> (0x000000008ad74048) 
thrown [s\open\src\hotspot\share\classfile\systemDictionary.cpp, line 313]
Event: 26.719 Thread 0x00000256a7d2fa10 Exception <a 'java/lang/ClassNotFoundException'{0x000000008ad8aeb0}: com/salesforce/slds/validation/validators/models/PropertiesCustomizer> (0x000000008ad8aeb0) 
thrown [s\open\src\hotspot\share\classfile\systemDictionary.cpp, line 313]
Event: 26.723 Thread 0x00000256a7d2fa10 Exception <a 'java/lang/ClassNotFoundException'{0x000000008adaa2b8}: com/salesforce/slds/validation/validators/models/Properties$ItemBeanInfo> (0x000000008adaa2b8) 
thrown [s\open\src\hotspot\share\classfile\systemDictionary.cpp, line 313]
Event: 26.723 Thread 0x00000256a7d2fa10 Exception <a 'java/lang/ClassNotFoundException'{0x000000008adc1370}: com/salesforce/slds/validation/validators/models/Properties$ItemCustomizer> (0x000000008adc1370) 
thrown [s\open\src\hotspot\share\classfile\systemDictionary.cpp, line 313]
Event: 27.104 Thread 0x00000256a7d2fa10 Exception <a 'java/lang/NoSuchMethodError'{0x00000000908dff30}: 'void java.lang.invoke.Invokers$Holder.invokeExact_MT(java.lang.Object, java.lang.Object, int, java.lang.Object)'> (0x00000000908dff30) 
thrown [s\open\src\hotspot\share\interpreter\linkResolver.cpp, line 774]
Event: 27.839 Thread 0x00000256a7d2fa10 Exception <a 'java/lang/NoSuchMethodError'{0x000000008b563d10}: 'void java.lang.invoke.DirectMethodHandle$Holder.invokeStatic(java.lang.Object, int, java.lang.Object)'> (0x000000008b563d10) 
thrown [s\open\src\hotspot\share\interpreter\linkResolver.cpp, line 774]
Event: 28.417 Thread 0x00000256a7d2fa10 Exception <a 'java/lang/NoSuchMethodError'{0x000000008ab1e010}: 'int java.lang.invoke.DirectMethodHandle$Holder.invokeSpecial(java.lang.Object, java.lang.Object, java.lang.Object, java.lang.Object, java.lang.Object)'> (0x000000008ab1e010) 
thrown [s\open\src\hotspot\share\interpreter\linkResolver.cpp, line 774]
Event: 28.473 Thread 0x00000256a7d2fa10 Exception <a 'java/lang/NoSuchMethodError'{0x000000008abb3760}: 'java.lang.Object java.lang.invoke.DirectMethodHandle$Holder.invokeVirtual(java.lang.Object, java.lang.Object, java.lang.Object, java.lang.Object, java.lang.Object, java.lang.Object)'> (0x000000008abb3760) 
thrown [s\open\src\hotspot\share\interpreter\linkResolver.cpp, line 774]
Event: 28.484 Thread 0x00000256a7d2fa10 Exception <a 'java/lang/NoSuchMethodError'{0x000000008abe0130}: 'java.lang.Object java.lang.invoke.DirectMethodHandle$Holder.invokeVirtual(java.lang.Object, java.lang.Object, java.lang.Object, java.lang.Object, java.lang.Object)'> (0x000000008abe0130) 
thrown [s\open\src\hotspot\share\interpreter\linkResolver.cpp, line 774]
Event: 28.687 Thread 0x00000256a7d2fa10 Exception <a 'java/lang/NoSuchMethodError'{0x00000000908c5660}: 'long java.lang.invoke.DirectMethodHandle$Holder.invokeSpecial(java.lang.Object, java.lang.Object)'> (0x00000000908c5660) 
thrown [s\open\src\hotspot\share\interpreter\linkResolver.cpp, line 774]
Event: 28.691 Thread 0x00000256a7d2fa10 Exception <a 'java/lang/NoSuchMethodError'{0x00000000908e2630}: 'void java.lang.invoke.DirectMethodHandle$Holder.invokeVirtual(java.lang.Object, java.lang.Object, long)'> (0x00000000908e2630) 
thrown [s\open\src\hotspot\share\interpreter\linkResolver.cpp, line 774]
Event: 28.705 Thread 0x00000256a7d2fa10 Exception <a 'java/lang/NoSuchMethodError'{0x0000000090713830}: 'java.lang.Object java.lang.invoke.DirectMethodHandle$Holder.newInvokeSpecial(java.lang.Object, java.lang.Object, int, java.lang.Object, java.lang.Object)'> (0x0000000090713830) 
thrown [s\open\src\hotspot\share\interpreter\linkResolver.cpp, line 774]
Event: 28.707 Thread 0x00000256a7d2fa10 Exception <a 'java/lang/NoSuchMethodError'{0x0000000090721818}: 'java.lang.Object java.lang.invoke.DirectMethodHandle$Holder.newInvokeSpecial(java.lang.Object, java.lang.Object, java.lang.Object, int)'> (0x0000000090721818) 
thrown [s\open\src\hotspot\share\interpreter\linkResolver.cpp, line 774]
Event: 28.709 Thread 0x00000256a7d2fa10 Exception <a 'java/lang/NoSuchMethodError'{0x00000000907256b8}: 'java.lang.Object java.lang.invoke.DirectMethodHandle$Holder.invokeSpecial(java.lang.Object, java.lang.Object, java.lang.Object, java.lang.Object, int)'> (0x00000000907256b8) 
thrown [s\open\src\hotspot\share\interpreter\linkResolver.cpp, line 774]
Event: 28.709 Thread 0x00000256a7d2fa10 Exception <a 'java/lang/NoSuchMethodError'{0x0000000090728b40}: 'java.lang.Object java.lang.invoke.Invokers$Holder.linkToTargetMethod(java.lang.Object, java.lang.Object, int, java.lang.Object)'> (0x0000000090728b40) 
thrown [s\open\src\hotspot\share\interpreter\linkResolver.cpp, line 774]

ZGC Phase Switch (0 events):
No events

VM Operations (20 events):
Event: 26.991 Executing VM operation: G1CollectForAllocation (G1 Evacuation Pause)
Event: 26.997 Executing VM operation: G1CollectForAllocation (G1 Evacuation Pause) done
Event: 27.815 Executing VM operation: HandshakeAllThreads (Deoptimize)
Event: 27.815 Executing VM operation: HandshakeAllThreads (Deoptimize) done
Event: 27.829 Executing VM operation: HandshakeAllThreads (Deoptimize)
Event: 27.829 Executing VM operation: HandshakeAllThreads (Deoptimize) done
Event: 27.831 Executing VM operation: HandshakeAllThreads (Deoptimize)
Event: 27.831 Executing VM operation: HandshakeAllThreads (Deoptimize) done
Event: 28.005 Executing VM operation: HandshakeAllThreads (Deoptimize)
Event: 28.005 Executing VM operation: HandshakeAllThreads (Deoptimize) done
Event: 28.005 Executing VM operation: Cleanup
Event: 28.005 Executing VM operation: Cleanup done
Event: 28.157 Executing VM operation: HandshakeAllThreads (Deoptimize)
Event: 28.157 Executing VM operation: HandshakeAllThreads (Deoptimize) done
Event: 28.606 Executing VM operation: G1CollectForAllocation (G1 Evacuation Pause)
Event: 28.615 Executing VM operation: G1CollectForAllocation (G1 Evacuation Pause) done
Event: 28.678 Executing VM operation: HandshakeAllThreads (Deoptimize)
Event: 28.679 Executing VM operation: HandshakeAllThreads (Deoptimize) done
Event: 29.047 Executing VM operation: HandshakeAllThreads (Deoptimize)
Event: 29.047 Executing VM operation: HandshakeAllThreads (Deoptimize) done

Events (20 events):
Event: 26.060 Thread 0x000002570c3b7420 Thread exited: 0x000002570c3b7420
Event: 26.060 Thread 0x000002570b428600 Thread exited: 0x000002570b428600
Event: 26.060 Thread 0x000002570bf69bb0 Thread exited: 0x000002570bf69bb0
Event: 26.061 Thread 0x000002570c3933d0 Thread exited: 0x000002570c3933d0
Event: 26.129 Thread 0x000002570d02f080 Thread exited: 0x000002570d02f080
Event: 26.129 Thread 0x000002570bf6a220 Thread exited: 0x000002570bf6a220
Event: 27.844 Thread 0x000002570d0317e0 Thread added: 0x000002570d0317e0
Event: 27.844 Thread 0x000002570d02f710 Thread added: 0x000002570d02f710
Event: 27.844 Thread 0x000002570d031e70 Thread added: 0x000002570d031e70
Event: 27.844 Thread 0x000002570d030430 Thread added: 0x000002570d030430
Event: 27.845 Thread 0x000002570d02fda0 Thread added: 0x000002570d02fda0
Event: 27.845 Thread 0x000002570d032500 Thread added: 0x000002570d032500
Event: 27.929 Thread 0x000002570d02f710 Thread exited: 0x000002570d02f710
Event: 27.930 Thread 0x000002570d031e70 Thread exited: 0x000002570d031e70
Event: 27.930 Thread 0x000002570d030430 Thread exited: 0x000002570d030430
Event: 27.930 Thread 0x000002570d0317e0 Thread exited: 0x000002570d0317e0
Event: 27.965 Thread 0x000002570d032500 Thread exited: 0x000002570d032500
Event: 27.965 Thread 0x000002570d02fda0 Thread exited: 0x000002570d02fda0
Event: 29.063 Thread 0x00000256a7d2fa10 Thread exited: 0x00000256a7d2fa10
Event: 29.063 Thread 0x000002570d030ac0 Thread added: 0x000002570d030ac0


Dynamic libraries:
0x00007ff652e40000 - 0x00007ff652e50000 	C:\Program Files\Java\jdk-22\bin\java.exe
0x00007fffa0f50000 - 0x00007fffa1148000 	C:\Windows\SYSTEM32\ntdll.dll
0x00007fff9f260000 - 0x00007fff9f322000 	C:\Windows\System32\KERNEL32.DLL
0x00007fff9e880000 - 0x00007fff9eb76000 	C:\Windows\System32\KERNELBASE.dll
0x00007fff9ee40000 - 0x00007fff9ef40000 	C:\Windows\System32\ucrtbase.dll
0x00007fff8bb00000 - 0x00007fff8bb17000 	C:\Program Files\Java\jdk-22\bin\jli.dll
0x00007fff9f460000 - 0x00007fff9f511000 	C:\Windows\System32\ADVAPI32.dll
0x00007fff8b820000 - 0x00007fff8b83b000 	C:\Program Files\Java\jdk-22\bin\VCRUNTIME140.dll
0x00007fff9ffb0000 - 0x00007fffa004e000 	C:\Windows\System32\msvcrt.dll
0x00007fff9ff10000 - 0x00007fff9ffaf000 	C:\Windows\System32\sechost.dll
0x00007fff9f330000 - 0x00007fff9f453000 	C:\Windows\System32\RPCRT4.dll
0x00007fff9ef40000 - 0x00007fff9ef67000 	C:\Windows\System32\bcrypt.dll
0x00007fffa0cd0000 - 0x00007fffa0e6d000 	C:\Windows\System32\USER32.dll
0x00007fff9ee10000 - 0x00007fff9ee32000 	C:\Windows\System32\win32u.dll
0x00007fff9fd30000 - 0x00007fff9fd5b000 	C:\Windows\System32\GDI32.dll
0x00007fff9eb80000 - 0x00007fff9ec99000 	C:\Windows\System32\gdi32full.dll
0x00007fff9ed70000 - 0x00007fff9ee0d000 	C:\Windows\System32\msvcp_win.dll
0x00007fff8b030000 - 0x00007fff8b2ca000 	C:\Windows\WinSxS\amd64_microsoft.windows.common-controls_6595b64144ccf1df_6.0.19041.5915_none_60b4b9d171f9c7c7\COMCTL32.dll
0x00007fff96e40000 - 0x00007fff96e4a000 	C:\Windows\SYSTEM32\VERSION.dll
0x00007fffa0ee0000 - 0x00007fffa0f0f000 	C:\Windows\System32\IMM32.DLL
0x00007fff8ba10000 - 0x00007fff8ba1c000 	C:\Program Files\Java\jdk-22\bin\vcruntime140_1.dll
0x00007fff3f3c0000 - 0x00007fff3f44e000 	C:\Program Files\Java\jdk-22\bin\msvcp140.dll
0x00007fff3e670000 - 0x00007fff3f3b7000 	C:\Program Files\Java\jdk-22\bin\server\jvm.dll
0x00007fff9f6a0000 - 0x00007fff9f70b000 	C:\Windows\System32\WS2_32.dll
0x00007fff9e440000 - 0x00007fff9e48b000 	C:\Windows\SYSTEM32\POWRPROF.dll
0x00007fff85c20000 - 0x00007fff85c47000 	C:\Windows\SYSTEM32\WINMM.dll
0x00007fff9e420000 - 0x00007fff9e432000 	C:\Windows\SYSTEM32\UMPDC.dll
0x00007fff9cdc0000 - 0x00007fff9cdd2000 	C:\Windows\SYSTEM32\kernel.appcore.dll
0x00007fff8eb20000 - 0x00007fff8eb2a000 	C:\Program Files\Java\jdk-22\bin\jimage.dll
0x00007fff85c50000 - 0x00007fff85e51000 	C:\Windows\SYSTEM32\DBGHELP.DLL
0x00007fff71870000 - 0x00007fff718a4000 	C:\Windows\SYSTEM32\dbgcore.DLL
0x00007fff9e5e0000 - 0x00007fff9e662000 	C:\Windows\System32\bcryptPrimitives.dll
0x00007fff8eb00000 - 0x00007fff8eb1e000 	C:\Program Files\Java\jdk-22\bin\java.dll
0x00007fffa04c0000 - 0x00007fffa0c2e000 	C:\Windows\System32\SHELL32.dll
0x00007fff9f130000 - 0x00007fff9f25b000 	C:\Windows\System32\ole32.dll
0x00007fff9f9d0000 - 0x00007fff9fd23000 	C:\Windows\System32\combase.dll
0x00007fff9c5a0000 - 0x00007fff9cd44000 	C:\Windows\SYSTEM32\windows.storage.dll
0x00007fff9de60000 - 0x00007fff9de8b000 	C:\Windows\SYSTEM32\Wldp.dll
0x00007fff9f900000 - 0x00007fff9f9cd000 	C:\Windows\System32\OLEAUT32.dll
0x00007fff9f5d0000 - 0x00007fff9f67d000 	C:\Windows\System32\SHCORE.dll
0x00007fff9f8a0000 - 0x00007fff9f8fb000 	C:\Windows\System32\shlwapi.dll
0x00007fff9e510000 - 0x00007fff9e534000 	C:\Windows\SYSTEM32\profapi.dll
0x00007fff60460000 - 0x00007fff60537000 	C:\Program Files\Java\jdk-22\bin\jsvml.dll
0x00007fff8eaf0000 - 0x00007fff8eb00000 	C:\Program Files\Java\jdk-22\bin\net.dll
0x00007fff9dc40000 - 0x00007fff9dcaa000 	C:\Windows\system32\mswsock.dll
0x00007fff8ead0000 - 0x00007fff8eae6000 	C:\Program Files\Java\jdk-22\bin\nio.dll
0x00007fff6cee0000 - 0x00007fff6cef7000 	C:\Program Files\Java\jdk-22\bin\zip.dll
0x00007fff8eac0000 - 0x00007fff8ead0000 	C:\Program Files\Java\jdk-22\bin\verify.dll
0x00007fff8b810000 - 0x00007fff8b81b000 	C:\Program Files\Java\jdk-22\bin\le.dll
0x00007fff9d980000 - 0x00007fff9da4a000 	C:\Windows\SYSTEM32\DNSAPI.dll
0x00007fff9d940000 - 0x00007fff9d97b000 	C:\Windows\SYSTEM32\IPHLPAPI.DLL
0x00007fffa0cc0000 - 0x00007fffa0cc8000 	C:\Windows\System32\NSI.dll
0x000000005f120000 - 0x000000005f146000 	C:\Program Files\Bonjour\mdnsNSP.dll
0x00007fff95e40000 - 0x00007fff95e4a000 	C:\Windows\System32\rasadhlp.dll
0x00007fff93ae0000 - 0x00007fff93b60000 	C:\Windows\System32\fwpuclnt.dll
0x00007fff89f30000 - 0x00007fff89f39000 	C:\Program Files\Java\jdk-22\bin\extnet.dll
0x00007fff89f20000 - 0x00007fff89f2a000 	C:\Program Files\Java\jdk-22\bin\management.dll
0x00007fff89df0000 - 0x00007fff89dfb000 	C:\Program Files\Java\jdk-22\bin\management_ext.dll
0x00007fffa0e70000 - 0x00007fffa0e78000 	C:\Windows\System32\PSAPI.DLL

dbghelp: loaded successfully - version: 4.0.5 - missing functions: none
symbol engine: initialized successfully - sym options: 0x614 - pdb path: .;C:\Program Files\Java\jdk-22\bin;C:\Windows\SYSTEM32;C:\Windows\WinSxS\amd64_microsoft.windows.common-controls_6595b64144ccf1df_6.0.19041.5915_none_60b4b9d171f9c7c7;C:\Program Files\Java\jdk-22\bin\server;C:\Program Files\Bonjour

VM Arguments:
java_command: c:\Users\walid\.vscode\extensions\salesforce.salesforce-vscode-slds-2.0.12\lsp-2.0.12-executable.jar --PORT=52788
java_class_path (initial): c:\Users\walid\.vscode\extensions\salesforce.salesforce-vscode-slds-2.0.12\lsp-2.0.12-executable.jar
Launcher Type: SUN_STANDARD

[Global flags]
     intx CICompilerCount                          = 3                                         {product} {ergonomic}
     uint ConcGCThreads                            = 1                                         {product} {ergonomic}
     uint G1ConcRefinementThreads                  = 4                                         {product} {ergonomic}
   size_t G1HeapRegionSize                         = 1048576                                   {product} {ergonomic}
   size_t InitialHeapSize                          = 125829120                                 {product} {ergonomic}
   size_t MarkStackSize                            = 4194304                                   {product} {ergonomic}
   size_t MaxHeapSize                              = 1990197248                                {product} {ergonomic}
   size_t MaxNewSize                               = 1193279488                                {product} {ergonomic}
   size_t MinHeapDeltaBytes                        = 1048576                                   {product} {ergonomic}
   size_t MinHeapSize                              = 8388608                                   {product} {ergonomic}
    uintx NonNMethodCodeHeapSize                   = 5832780                                {pd product} {ergonomic}
    uintx NonProfiledCodeHeapSize                  = 122912730                              {pd product} {ergonomic}
    uintx ProfiledCodeHeapSize                     = 122912730                              {pd product} {ergonomic}
    uintx ReservedCodeCacheSize                    = 251658240                              {pd product} {ergonomic}
     bool SegmentedCodeCache                       = true                                      {product} {ergonomic}
   size_t SoftMaxHeapSize                          = 1990197248                             {manageable} {ergonomic}
     bool UseCompressedOops                        = true                           {product lp64_product} {ergonomic}
     bool UseG1GC                                  = true                                      {product} {ergonomic}
     bool UseLargePagesIndividualAllocation        = false                                  {pd product} {ergonomic}

Logging:
Log output configuration:
 #0: stdout all=warning uptime,level,tags foldmultilines=false
 #1: stderr all=off uptime,level,tags foldmultilines=false

Environment Variables:
JAVA_HOME=C:\Program Files\Java\jdk-22
PATH=C:\oracle\bin;C:\oracle\instantclient_19;C:\Program Files (x86)\VMware\VMware Workstation\bin\;C:\Program Files\Common Files\Oracle\Java\javapath;C:\oraclexe\app\oracle\product\11.2.0\server\bin;C:\Windows\system32;C:\Windows;C:\Windows\System32\Wbem;C:\Windows\System32\WindowsPowerShell\v1.0\;C:\Windows\System32\OpenSSH\;C:\Program Files (x86)\dotnet\;C:\wamp64\bin\php\php8.1.0;C:\wamp64;C:\Program Files\MongoDB\Server\6.0\bin;C:\composer;C:\Program Files (x86)\Microsoft SQL Server\160\Tools\Binn\;C:\Program Files\Microsoft SQL Server\160\Tools\Binn\;C:\Program Files\Microsoft SQL Server\Client SDK\ODBC\170\Tools\Binn\;C:\Program Files\Microsoft SQL Server\160\DTS\Binn\;C:\Program Files (x86)\Microsoft SQL Server\160\DTS\Binn\;C:\Program Files (x86)\sqlite3;C:\Program Files\Java\jdk-22\bin;C:\Program Files (x86)\apache-maven-3.9.8-bin\apache-maven-3.9.8\bin;C:\Program Files\Microsoft SQL Server\150\Tools\Binn\;C:\Program Files\dotnet\;C:\Program Files\Microsoft SQL Server\130\DTS\Binn\;C:\Program Files\Microsoft SQL Server\140\DTS\Binn\;C:\Program Files\Microsoft SQL Server\150\DTS\Binn\;C:\Users\walid\AppData\Local\Programs\Python\Python310;C:\Users\walid\AppData\Roaming\npm;C:\Users\walid\AppData\Local\Programs\Python\Python310\Scripts\;C:\xampp\php;C:\Program Files\Git\cmd;C:\Program Files\nodejs\;C:\Users\walid\AppData\Local\Microsoft\WindowsApps;C:\Users\walid\AppData\Local\Programs\Microsoft VS Code\bin;C:\Program Files\sf\bin
USERNAME=walid
OS=Windows_NT
PROCESSOR_IDENTIFIER=Intel64 Family 6 Model 78 Stepping 3, GenuineIntel
TMP=C:\Temp
TEMP=C:\Temp




Periodic native trim disabled

---------------  S Y S T E M  ---------------

OS:
 Windows 10 , 64 bit Build 19041 (10.0.19041.5915)
OS uptime: 0 days 5:58 hours
Hyper-V role detected

CPU: total 4 (initial active 4) (2 cores per cpu, 2 threads per core) family 6 model 78 stepping 3 microcode 0xcc, cx8, cmov, fxsr, ht, mmx, 3dnowpref, sse, sse2, sse3, ssse3, sse4.1, sse4.2, popcnt, lzcnt, tsc, tscinvbit, avx, avx2, aes, erms, clmul, bmi1, bmi2, rtm, adx, fma, vzeroupper, clflush, clflushopt, hv, rdtscp, f16c
Processor Information for all 4 processors :
  Max Mhz: 2496, Current Mhz: 798, Mhz Limit: 798

Memory: 4k page, system-wide physical 7591M (199M free)
TotalPageFile size 15783M (AvailPageFile size 3M)
current process WorkingSet (physical memory assigned to process): 155M, peak: 178M
current process commit charge ("private bytes"): 184M, peak: 250M

vm_info: Java HotSpot(TM) 64-Bit Server VM (22.0.1+8-16) for windows-amd64 JRE (22.0.1+8-16), built on 2024-03-12T10:33:16Z by "mach5one" with MS VC++ 17.6 (VS2022)

END.
